{"meta": {"format": 3, "version": "7.13.4", "timestamp": "2026-02-24T20:52:00.817882", "branch_coverage": false, "show_contexts": false}, "files": {"commstools/__init__.py": {"executed_lines": [37, 39, 41, 42, 43, 44, 47, 49, 61], "summary": {"covered_lines": 9, "num_statements": 9, "percent_covered": 100.0, "percent_covered_display": "100", "missing_lines": 0, "excluded_lines": 0, "percent_statements_covered": 100.0, "percent_statements_covered_display": "100"}, "missing_lines": [], "excluded_lines": [], "functions": {"": {"executed_lines": [37, 39, 41, 42, 43, 44, 47, 49, 61], "summary": {"covered_lines": 9, "num_statements": 9, "percent_covered": 100.0, "percent_covered_display": "100", "missing_lines": 0, "excluded_lines": 0, "percent_statements_covered": 100.0, "percent_statements_covered_display": "100"}, "missing_lines": [], "excluded_lines": [], "start_line": 1}}, "classes": {"": {"executed_lines": [37, 39, 41, 42, 43, 44, 47, 49, 61], "summary": {"covered_lines": 9, "num_statements": 9, "percent_covered": 100.0, "percent_covered_display": "100", "missing_lines": 0, "excluded_lines": 0, "percent_statements_covered": 100.0, "percent_statements_covered_display": "100"}, "missing_lines": [], "excluded_lines": [], "start_line": 1}}}, "commstools/backend.py": {"executed_lines": [30, 31, 32, 34, 36, 39, 40, 44, 45, 46, 47, 61, 66, 69, 84, 85, 86, 87, 88, 90, 91, 92, 96, 99, 100, 115, 116, 118, 120, 121, 122, 123, 124, 127, 130, 143, 146, 156, 157, 158, 161, 176, 177, 178, 181, 182, 196, 197, 198, 199, 200, 202, 204, 205, 206, 207, 209, 212, 241, 242, 243, 247, 248, 249, 250, 251, 253, 254, 255, 256, 257, 258, 261, 264, 287, 288, 290, 291, 293, 296, 328, 329, 333, 334, 337, 338, 343, 344, 345, 346, 348, 349, 350, 351, 352, 353, 357, 362, 365, 371, 373, 374, 375, 376, 377, 380, 383, 384, 387, 388, 390, 393, 397, 398, 399, 401, 411, 412, 415, 418, 419, 420, 423, 424, 429, 430, 431, 438, 441, 460, 461, 463, 464, 470, 472, 474, 475, 481, 487, 490, 504, 505, 507], "summary": {"covered_lines": 143, "num_statements": 170, "percent_covered": 84.11764705882354, "percent_covered_display": "84", "missing_lines": 27, "excluded_lines": 0, "percent_statements_covered": 84.11764705882354, "percent_statements_covered_display": "84"}, "missing_lines": [48, 50, 51, 52, 56, 57, 58, 59, 93, 94, 117, 330, 336, 391, 394, 402, 403, 432, 436, 465, 466, 467, 468, 476, 477, 482, 506], "excluded_lines": [], "functions": {"_get_jax": {"executed_lines": [84, 85, 86, 87, 88, 90, 91, 92, 96], "summary": {"covered_lines": 9, "num_statements": 11, "percent_covered": 81.81818181818181, "percent_covered_display": "82", "missing_lines": 2, "excluded_lines": 0, "percent_statements_covered": 81.81818181818181, "percent_statements_covered_display": "82"}, "missing_lines": [93, 94], "excluded_lines": [], "start_line": 69}, "_get_jax_device": {"executed_lines": [115, 116, 118, 120, 121, 122, 123, 124], "summary": {"covered_lines": 8, "num_statements": 9, "percent_covered": 88.88888888888889, "percent_covered_display": "89", "missing_lines": 1, "excluded_lines": 0, "percent_statements_covered": 88.88888888888889, "percent_statements_covered_display": "89"}, "missing_lines": [117], "excluded_lines": [], "start_line": 100}, "use_cpu_only": {"executed_lines": [143], "summary": {"covered_lines": 1, "num_statements": 1, "percent_covered": 100.0, "percent_covered_display": "100", "missing_lines": 0, "excluded_lines": 0, "percent_statements_covered": 100.0, "percent_statements_covered_display": "100"}, "missing_lines": [], "excluded_lines": [], "start_line": 130}, "is_cupy_available": {"executed_lines": [156, 157, 158], "summary": {"covered_lines": 3, "num_statements": 3, "percent_covered": 100.0, "percent_covered_display": "100", "missing_lines": 0, "excluded_lines": 0, "percent_statements_covered": 100.0, "percent_statements_covered_display": "100"}, "missing_lines": [], "excluded_lines": [], "start_line": 146}, "get_array_module": {"executed_lines": [176, 177, 178], "summary": {"covered_lines": 3, "num_statements": 3, "percent_covered": 100.0, "percent_covered_display": "100", "missing_lines": 0, "excluded_lines": 0, "percent_statements_covered": 100.0, "percent_statements_covered_display": "100"}, "missing_lines": [], "excluded_lines": [], "start_line": 161}, "get_scipy_module": {"executed_lines": [196, 197, 198, 199, 200, 202, 204, 205, 206, 207, 209], "summary": {"covered_lines": 11, "num_statements": 11, "percent_covered": 100.0, "percent_covered_display": "100", "missing_lines": 0, "excluded_lines": 0, "percent_statements_covered": 100.0, "percent_statements_covered_display": "100"}, "missing_lines": [], "excluded_lines": [], "start_line": 182}, "to_device": {"executed_lines": [241, 242, 243, 247, 248, 249, 250, 251, 253, 254, 255, 256, 257, 258, 261], "summary": {"covered_lines": 15, "num_statements": 15, "percent_covered": 100.0, "percent_covered_display": "100", "missing_lines": 0, "excluded_lines": 0, "percent_statements_covered": 100.0, "percent_statements_covered_display": "100"}, "missing_lines": [], "excluded_lines": [], "start_line": 212}, "dispatch": {"executed_lines": [287, 288, 290, 291, 293], "summary": {"covered_lines": 5, "num_statements": 5, "percent_covered": 100.0, "percent_covered_display": "100", "missing_lines": 0, "excluded_lines": 0, "percent_statements_covered": 100.0, "percent_statements_covered_display": "100"}, "missing_lines": [], "excluded_lines": [], "start_line": 264}, "to_jax": {"executed_lines": [328, 329, 333, 334, 337, 338, 343, 344, 345, 346, 348, 349, 350, 351, 352, 353, 357, 362, 365, 371, 373, 374, 375, 376, 377, 380, 383, 384, 387, 388, 390, 393, 397, 398, 399, 401, 411, 412, 415, 418, 419, 420, 423, 424, 429, 430, 431, 438], "summary": {"covered_lines": 48, "num_statements": 56, "percent_covered": 85.71428571428571, "percent_covered_display": "86", "missing_lines": 8, "excluded_lines": 0, "percent_statements_covered": 85.71428571428571, "percent_statements_covered_display": "86"}, "missing_lines": [330, 336, 391, 394, 402, 403, 432, 436], "excluded_lines": [], "start_line": 296}, "from_jax": {"executed_lines": [460, 461, 463, 464, 470, 472, 474, 475, 481, 487], "summary": {"covered_lines": 10, "num_statements": 17, "percent_covered": 58.8235294117647, "percent_covered_display": "59", "missing_lines": 7, "excluded_lines": 0, "percent_statements_covered": 58.8235294117647, "percent_statements_covered_display": "59"}, "missing_lines": [465, 466, 467, 468, 476, 477, 482], "excluded_lines": [], "start_line": 441}, "is_jax_array": {"executed_lines": [504, 505, 507], "summary": {"covered_lines": 3, "num_statements": 4, "percent_covered": 75.0, "percent_covered_display": "75", "missing_lines": 1, "excluded_lines": 0, "percent_statements_covered": 75.0, "percent_statements_covered_display": "75"}, "missing_lines": [506], "excluded_lines": [], "start_line": 490}, "": {"executed_lines": [30, 31, 32, 34, 36, 39, 40, 44, 45, 46, 47, 61, 66, 69, 99, 100, 127, 130, 146, 161, 181, 182, 212, 264, 296, 441, 490], "summary": {"covered_lines": 27, "num_statements": 35, "percent_covered": 77.14285714285714, "percent_covered_display": "77", "missing_lines": 8, "excluded_lines": 0, "percent_statements_covered": 77.14285714285714, "percent_statements_covered_display": "77"}, "missing_lines": [48, 50, 51, 52, 56, 57, 58, 59], "excluded_lines": [], "start_line": 1}}, "classes": {"": {"executed_lines": [30, 31, 32, 34, 36, 39, 40, 44, 45, 46, 47, 61, 66, 69, 84, 85, 86, 87, 88, 90, 91, 92, 96, 99, 100, 115, 116, 118, 120, 121, 122, 123, 124, 127, 130, 143, 146, 156, 157, 158, 161, 176, 177, 178, 181, 182, 196, 197, 198, 199, 200, 202, 204, 205, 206, 207, 209, 212, 241, 242, 243, 247, 248, 249, 250, 251, 253, 254, 255, 256, 257, 258, 261, 264, 287, 288, 290, 291, 293, 296, 328, 329, 333, 334, 337, 338, 343, 344, 345, 346, 348, 349, 350, 351, 352, 353, 357, 362, 365, 371, 373, 374, 375, 376, 377, 380, 383, 384, 387, 388, 390, 393, 397, 398, 399, 401, 411, 412, 415, 418, 419, 420, 423, 424, 429, 430, 431, 438, 441, 460, 461, 463, 464, 470, 472, 474, 475, 481, 487, 490, 504, 505, 507], "summary": {"covered_lines": 143, "num_statements": 170, "percent_covered": 84.11764705882354, "percent_covered_display": "84", "missing_lines": 27, "excluded_lines": 0, "percent_statements_covered": 84.11764705882354, "percent_statements_covered_display": "84"}, "missing_lines": [48, 50, 51, 52, 56, 57, 58, 59, 93, 94, 117, 330, 336, 391, 394, 402, 403, 432, 436, 465, 466, 467, 468, 476, 477, 482, 506], "excluded_lines": [], "start_line": 1}}}, "commstools/core.py": {"executed_lines": [25, 26, 28, 29, 31, 32, 34, 40, 41, 50, 53, 113, 117, 118, 119, 120, 122, 123, 124, 125, 127, 128, 129, 130, 131, 132, 133, 134, 136, 137, 139, 142, 197, 201, 202, 203, 205, 206, 207, 208, 210, 211, 213, 214, 215, 216, 217, 218, 220, 221, 223, 224, 227, 230, 231, 234, 235, 239, 245, 246, 247, 276, 283, 284, 289, 291, 294, 295, 299, 304, 306, 315, 316, 317, 319, 330, 331, 336, 337, 343, 350, 351, 352, 354, 390, 392, 395, 397, 406, 408, 427, 428, 430, 450, 451, 453, 470, 473, 477, 479, 481, 491, 492, 494, 520, 522, 535, 536, 548, 550, 551, 560, 562, 563, 572, 574, 575, 584, 585, 586, 588, 589, 598, 599, 600, 602, 603, 612, 614, 615, 624, 625, 626, 632, 670, 672, 687, 721, 723, 735, 774, 776, 788, 841, 843, 850, 852, 868, 892, 897, 899, 929, 930, 931, 933, 944, 961, 963, 964, 965, 967, 993, 995, 998, 999, 1001, 1026, 1028, 1029, 1030, 1031, 1032, 1035, 1036, 1038, 1075, 1078, 1080, 1085, 1086, 1087, 1088, 1090, 1092, 1109, 1111, 1114, 1115, 1117, 1131, 1133, 1134, 1136, 1151, 1152, 1153, 1154, 1157, 1160, 1161, 1162, 1163, 1169, 1175, 1176, 1181, 1188, 1191, 1193, 1216, 1218, 1219, 1223, 1230, 1232, 1429, 1431, 1433, 1434, 1440, 1444, 1445, 1460, 1478, 1492, 1493, 1506, 1507, 1511, 1516, 1523, 1524, 1525, 1530, 1531, 1532, 1538, 1539, 1600, 1603, 1604, 1605, 1608, 1611, 1613, 1615, 1616, 1618, 1620, 1621, 1622, 1626, 1630, 1644, 1645, 1703, 1704, 1705, 1707, 1708, 1709, 1714, 1728, 1729, 1782, 1796, 1797, 1850, 1868, 1894, 1895, 1898, 1899, 1901, 1902, 1904, 1905, 1906, 1908, 1910, 1913, 1921, 1922, 1924, 1949, 1951, 1952, 1954, 1955, 1960, 1967, 1968, 1974, 2007, 2009, 2012, 2013, 2018, 2019, 2024, 2025, 2027, 2029, 2030, 2036, 2038, 2070, 2072, 2075, 2076, 2081, 2082, 2086, 2087, 2089, 2091, 2092, 2098, 2100, 2134, 2136, 2137, 2138, 2143, 2144, 2148, 2149, 2152, 2156, 2157, 2165, 2168, 2188, 2190, 2191, 2192, 2195, 2201, 2208, 2210, 2212, 2214, 2216, 2218, 2219, 2222, 2223, 2224, 2227, 2233, 2234, 2236, 2238, 2239, 2241, 2247, 2293, 2295, 2308, 2315, 2328, 2375, 2377, 2378, 2379, 2380, 2381, 2382, 2383, 2385, 2386, 2387, 2388, 2389, 2390, 2391, 2392, 2394, 2395, 2397, 2400, 2401, 2402, 2403, 2409, 2413, 2419, 2430, 2433, 2434, 2435, 2436, 2439, 2440, 2442, 2443, 2444, 2446, 2448, 2449, 2451, 2452, 2453, 2456, 2457, 2461, 2462, 2465, 2466, 2469, 2472, 2473, 2474, 2475, 2479, 2486, 2487, 2489, 2491, 2492, 2493, 2494, 2501, 2502, 2503, 2505, 2506, 2508, 2515, 2518, 2520, 2521, 2522, 2523, 2526, 2527, 2528, 2529, 2536, 2537, 2538, 2540, 2541, 2547, 2548, 2557, 2558, 2560, 2561, 2570, 2571, 2573, 2574, 2588, 2589, 2598, 2600, 2601, 2603, 2604, 2616, 2617, 2619, 2621, 2623, 2624, 2626, 2629, 2631, 2633, 2634, 2635, 2637, 2640, 2641, 2643, 2649, 2678, 2679, 2681, 2682, 2683, 2684, 2687, 2688, 2690, 2691, 2692, 2693, 2695, 2696, 2697, 2698, 2700, 2701, 2702, 2704, 2705, 2707, 2708, 2710, 2711, 2713, 2723, 2724, 2725, 2726, 2727, 2732, 2733, 2734, 2735, 2737, 2738, 2740, 2741, 2742, 2744, 2750, 2751, 2752, 2754, 2760, 2807, 2808, 2811, 2812, 2825, 2828, 2832, 2843, 2846, 2849, 2854, 2856, 2859, 2860, 2861, 2862, 2863, 2867, 2868, 2869, 2870, 2871, 2874, 2875, 2877, 2878, 2880, 2882, 2905], "summary": {"covered_lines": 552, "num_statements": 613, "percent_covered": 90.0489396411093, "percent_covered_display": "90", "missing_lines": 61, "excluded_lines": 0, "percent_statements_covered": 90.0489396411093, "percent_statements_covered_display": "90"}, "missing_lines": [35, 36, 37, 393, 844, 845, 848, 869, 870, 871, 873, 874, 884, 885, 886, 887, 890, 893, 895, 896, 1170, 1182, 1220, 1221, 1222, 1461, 1479, 1508, 1518, 1896, 2028, 2031, 2032, 2033, 2034, 2090, 2093, 2094, 2095, 2096, 2153, 2154, 2155, 2158, 2160, 2161, 2162, 2163, 2441, 2458, 2477, 2516, 2524, 2583, 2584, 2585, 2586, 2599, 2627, 2638, 2685], "excluded_lines": [], "functions": {"Signal.validate_samples": {"executed_lines": [276, 283, 284, 289, 291, 294, 295, 299, 304], "summary": {"covered_lines": 9, "num_statements": 9, "percent_covered": 100.0, "percent_covered_display": "100", "missing_lines": 0, "excluded_lines": 0, "percent_statements_covered": 100.0, "percent_statements_covered_display": "100"}, "missing_lines": [], "excluded_lines": [], "start_line": 247}, "Signal.model_post_init": {"executed_lines": [315, 316, 317, 319, 330, 331, 336, 337], "summary": {"covered_lines": 8, "num_statements": 8, "percent_covered": 100.0, "percent_covered_display": "100", "missing_lines": 0, "excluded_lines": 0, "percent_statements_covered": 100.0, "percent_statements_covered_display": "100"}, "missing_lines": [], "excluded_lines": [], "start_line": 306}, "Signal.print_info": {"executed_lines": [350, 351, 352, 354, 390, 392, 395], "summary": {"covered_lines": 7, "num_statements": 8, "percent_covered": 87.5, "percent_covered_display": "88", "missing_lines": 1, "excluded_lines": 0, "percent_statements_covered": 87.5, "percent_statements_covered_display": "88"}, "missing_lines": [393], "excluded_lines": [], "start_line": 343}, "Signal.copy": {"executed_lines": [406], "summary": {"covered_lines": 1, "num_statements": 1, "percent_covered": 100.0, "percent_covered_display": "100", "missing_lines": 0, "excluded_lines": 0, "percent_statements_covered": 100.0, "percent_statements_covered_display": "100"}, "missing_lines": [], "excluded_lines": [], "start_line": 397}, "Signal.to": {"executed_lines": [427, 428], "summary": {"covered_lines": 2, "num_statements": 2, "percent_covered": 100.0, "percent_covered_display": "100", "missing_lines": 0, "excluded_lines": 0, "percent_statements_covered": 100.0, "percent_statements_covered_display": "100"}, "missing_lines": [], "excluded_lines": [], "start_line": 408}, "Signal.export_samples_to_jax": {"executed_lines": [450, 451], "summary": {"covered_lines": 2, "num_statements": 2, "percent_covered": 100.0, "percent_covered_display": "100", "missing_lines": 0, "excluded_lines": 0, "percent_statements_covered": 100.0, "percent_statements_covered_display": "100"}, "missing_lines": [], "excluded_lines": [], "start_line": 430}, "Signal.update_samples_from_jax": {"executed_lines": [470, 473, 477, 479], "summary": {"covered_lines": 4, "num_statements": 4, "percent_covered": 100.0, "percent_covered_display": "100", "missing_lines": 0, "excluded_lines": 0, "percent_statements_covered": 100.0, "percent_statements_covered_display": "100"}, "missing_lines": [], "excluded_lines": [], "start_line": 453}, "Signal.time_axis": {"executed_lines": [491, 492], "summary": {"covered_lines": 2, "num_statements": 2, "percent_covered": 100.0, "percent_covered_display": "100", "missing_lines": 0, "excluded_lines": 0, "percent_statements_covered": 100.0, "percent_statements_covered_display": "100"}, "missing_lines": [], "excluded_lines": [], "start_line": 481}, "Signal.welch_psd": {"executed_lines": [520, 522], "summary": {"covered_lines": 2, "num_statements": 2, "percent_covered": 100.0, "percent_covered_display": "100", "missing_lines": 0, "excluded_lines": 0, "percent_statements_covered": 100.0, "percent_statements_covered_display": "100"}, "missing_lines": [], "excluded_lines": [], "start_line": 494}, "Signal.xp": {"executed_lines": [548], "summary": {"covered_lines": 1, "num_statements": 1, "percent_covered": 100.0, "percent_covered_display": "100", "missing_lines": 0, "excluded_lines": 0, "percent_statements_covered": 100.0, "percent_statements_covered_display": "100"}, "missing_lines": [], "excluded_lines": [], "start_line": 536}, "Signal.sp": {"executed_lines": [560], "summary": {"covered_lines": 1, "num_statements": 1, "percent_covered": 100.0, "percent_covered_display": "100", "missing_lines": 0, "excluded_lines": 0, "percent_statements_covered": 100.0, "percent_statements_covered_display": "100"}, "missing_lines": [], "excluded_lines": [], "start_line": 551}, "Signal.backend": {"executed_lines": [572], "summary": {"covered_lines": 1, "num_statements": 1, "percent_covered": 100.0, "percent_covered_display": "100", "missing_lines": 0, "excluded_lines": 0, "percent_statements_covered": 100.0, "percent_statements_covered_display": "100"}, "missing_lines": [], "excluded_lines": [], "start_line": 563}, "Signal.num_streams": {"executed_lines": [584, 585, 586], "summary": {"covered_lines": 3, "num_statements": 3, "percent_covered": 100.0, "percent_covered_display": "100", "missing_lines": 0, "excluded_lines": 0, "percent_statements_covered": 100.0, "percent_statements_covered_display": "100"}, "missing_lines": [], "excluded_lines": [], "start_line": 575}, "Signal.duration": {"executed_lines": [598, 599, 600], "summary": {"covered_lines": 3, "num_statements": 3, "percent_covered": 100.0, "percent_covered_display": "100", "missing_lines": 0, "excluded_lines": 0, "percent_statements_covered": 100.0, "percent_statements_covered_display": "100"}, "missing_lines": [], "excluded_lines": [], "start_line": 589}, "Signal.sps": {"executed_lines": [612], "summary": {"covered_lines": 1, "num_statements": 1, "percent_covered": 100.0, "percent_covered_display": "100", "missing_lines": 0, "excluded_lines": 0, "percent_statements_covered": 100.0, "percent_statements_covered_display": "100"}, "missing_lines": [], "excluded_lines": [], "start_line": 603}, "Signal.bits_per_symbol": {"executed_lines": [624, 625, 626], "summary": {"covered_lines": 3, "num_statements": 3, "percent_covered": 100.0, "percent_covered_display": "100", "missing_lines": 0, "excluded_lines": 0, "percent_statements_covered": 100.0, "percent_statements_covered_display": "100"}, "missing_lines": [], "excluded_lines": [], "start_line": 615}, "Signal.plot_psd": {"executed_lines": [670, 672], "summary": {"covered_lines": 2, "num_statements": 2, "percent_covered": 100.0, "percent_covered_display": "100", "missing_lines": 0, "excluded_lines": 0, "percent_statements_covered": 100.0, "percent_statements_covered_display": "100"}, "missing_lines": [], "excluded_lines": [], "start_line": 632}, "Signal.plot_waveform": {"executed_lines": [721, 723], "summary": {"covered_lines": 2, "num_statements": 2, "percent_covered": 100.0, "percent_covered_display": "100", "missing_lines": 0, "excluded_lines": 0, "percent_statements_covered": 100.0, "percent_statements_covered_display": "100"}, "missing_lines": [], "excluded_lines": [], "start_line": 687}, "Signal.plot_eye": {"executed_lines": [774, 776], "summary": {"covered_lines": 2, "num_statements": 2, "percent_covered": 100.0, "percent_covered_display": "100", "missing_lines": 0, "excluded_lines": 0, "percent_statements_covered": 100.0, "percent_statements_covered_display": "100"}, "missing_lines": [], "excluded_lines": [], "start_line": 735}, "Signal.plot_constellation": {"executed_lines": [841, 843, 850, 852, 868, 892, 897], "summary": {"covered_lines": 7, "num_statements": 22, "percent_covered": 31.818181818181817, "percent_covered_display": "32", "missing_lines": 15, "excluded_lines": 0, "percent_statements_covered": 31.818181818181817, "percent_statements_covered_display": "32"}, "missing_lines": [844, 845, 848, 869, 870, 871, 873, 884, 885, 886, 887, 890, 893, 895, 896], "excluded_lines": [], "start_line": 788}, "Signal.plot_constellation._scatter_source": {"executed_lines": [], "summary": {"covered_lines": 0, "num_statements": 1, "percent_covered": 0.0, "percent_covered_display": "0", "missing_lines": 1, "excluded_lines": 0, "percent_statements_covered": 0.0, "percent_statements_covered_display": "0"}, "missing_lines": [874], "excluded_lines": [], "start_line": 873}, "Signal.plot_equalizer": {"executed_lines": [929, 930, 931, 933], "summary": {"covered_lines": 4, "num_statements": 4, "percent_covered": 100.0, "percent_covered_display": "100", "missing_lines": 0, "excluded_lines": 0, "percent_statements_covered": 100.0, "percent_statements_covered_display": "100"}, "missing_lines": [], "excluded_lines": [], "start_line": 899}, "Signal.upsample": {"executed_lines": [961, 963, 964, 965], "summary": {"covered_lines": 4, "num_statements": 4, "percent_covered": 100.0, "percent_covered_display": "100", "missing_lines": 0, "excluded_lines": 0, "percent_statements_covered": 100.0, "percent_statements_covered_display": "100"}, "missing_lines": [], "excluded_lines": [], "start_line": 944}, "Signal.decimate": {"executed_lines": [993, 995, 998, 999], "summary": {"covered_lines": 4, "num_statements": 4, "percent_covered": 100.0, "percent_covered_display": "100", "missing_lines": 0, "excluded_lines": 0, "percent_statements_covered": 100.0, "percent_statements_covered_display": "100"}, "missing_lines": [], "excluded_lines": [], "start_line": 967}, "Signal.decimate_to_symbol_rate": {"executed_lines": [1026, 1028, 1029, 1030, 1031, 1032, 1035, 1036], "summary": {"covered_lines": 8, "num_statements": 8, "percent_covered": 100.0, "percent_covered_display": "100", "missing_lines": 0, "excluded_lines": 0, "percent_statements_covered": 100.0, "percent_statements_covered_display": "100"}, "missing_lines": [], "excluded_lines": [], "start_line": 1001}, "Signal.resample": {"executed_lines": [1075, 1078, 1080, 1085, 1086, 1087, 1088, 1090], "summary": {"covered_lines": 8, "num_statements": 8, "percent_covered": 100.0, "percent_covered_display": "100", "missing_lines": 0, "excluded_lines": 0, "percent_statements_covered": 100.0, "percent_statements_covered_display": "100"}, "missing_lines": [], "excluded_lines": [], "start_line": 1038}, "Signal.shift_frequency": {"executed_lines": [1109, 1111, 1114, 1115], "summary": {"covered_lines": 4, "num_statements": 4, "percent_covered": 100.0, "percent_covered_display": "100", "missing_lines": 0, "excluded_lines": 0, "percent_statements_covered": 100.0, "percent_statements_covered_display": "100"}, "missing_lines": [], "excluded_lines": [], "start_line": 1092}, "Signal.fir_filter": {"executed_lines": [1131, 1133, 1134], "summary": {"covered_lines": 3, "num_statements": 3, "percent_covered": 100.0, "percent_covered_display": "100", "missing_lines": 0, "excluded_lines": 0, "percent_statements_covered": 100.0, "percent_statements_covered_display": "100"}, "missing_lines": [], "excluded_lines": [], "start_line": 1117}, "Signal.shaping_filter_taps": {"executed_lines": [1151, 1152, 1153, 1154, 1157, 1160, 1161, 1162, 1163, 1169, 1175, 1176, 1181, 1188, 1191], "summary": {"covered_lines": 15, "num_statements": 17, "percent_covered": 88.23529411764706, "percent_covered_display": "88", "missing_lines": 2, "excluded_lines": 0, "percent_statements_covered": 88.23529411764706, "percent_statements_covered_display": "88"}, "missing_lines": [1170, 1182], "excluded_lines": [], "start_line": 1136}, "Signal.matched_filter": {"executed_lines": [1216, 1218, 1219, 1223, 1230], "summary": {"covered_lines": 5, "num_statements": 8, "percent_covered": 62.5, "percent_covered_display": "62", "missing_lines": 3, "excluded_lines": 0, "percent_statements_covered": 62.5, "percent_statements_covered_display": "62"}, "missing_lines": [1220, 1221, 1222], "excluded_lines": [], "start_line": 1193}, "Signal.equalize": {"executed_lines": [1429, 1431, 1433, 1434, 1440, 1444, 1445, 1460, 1478, 1492, 1493, 1506, 1507, 1511, 1516, 1523, 1524, 1525, 1530, 1531, 1532], "summary": {"covered_lines": 21, "num_statements": 25, "percent_covered": 84.0, "percent_covered_display": "84", "missing_lines": 4, "excluded_lines": 0, "percent_statements_covered": 84.0, "percent_statements_covered_display": "84"}, "missing_lines": [1461, 1479, 1508, 1518], "excluded_lines": [], "start_line": 1232}, "Signal.generate": {"executed_lines": [1600, 1603, 1604, 1605, 1608, 1611, 1613, 1615, 1616, 1618, 1620, 1621, 1622, 1626, 1630], "summary": {"covered_lines": 15, "num_statements": 15, "percent_covered": 100.0, "percent_covered_display": "100", "missing_lines": 0, "excluded_lines": 0, "percent_statements_covered": 100.0, "percent_statements_covered_display": "100"}, "missing_lines": [], "excluded_lines": [], "start_line": 1539}, "Signal.pam": {"executed_lines": [1703, 1704, 1705, 1707, 1708, 1709, 1714], "summary": {"covered_lines": 7, "num_statements": 7, "percent_covered": 100.0, "percent_covered_display": "100", "missing_lines": 0, "excluded_lines": 0, "percent_statements_covered": 100.0, "percent_statements_covered_display": "100"}, "missing_lines": [], "excluded_lines": [], "start_line": 1645}, "Signal.psk": {"executed_lines": [1782], "summary": {"covered_lines": 1, "num_statements": 1, "percent_covered": 100.0, "percent_covered_display": "100", "missing_lines": 0, "excluded_lines": 0, "percent_statements_covered": 100.0, "percent_statements_covered_display": "100"}, "missing_lines": [], "excluded_lines": [], "start_line": 1729}, "Signal.qam": {"executed_lines": [1850], "summary": {"covered_lines": 1, "num_statements": 1, "percent_covered": 100.0, "percent_covered_display": "100", "missing_lines": 0, "excluded_lines": 0, "percent_statements_covered": 100.0, "percent_statements_covered_display": "100"}, "missing_lines": [], "excluded_lines": [], "start_line": 1797}, "Signal.resolve_symbols": {"executed_lines": [1894, 1895, 1898, 1899, 1901, 1902, 1904, 1905, 1906, 1908, 1910, 1913, 1921, 1922], "summary": {"covered_lines": 14, "num_statements": 15, "percent_covered": 93.33333333333333, "percent_covered_display": "93", "missing_lines": 1, "excluded_lines": 0, "percent_statements_covered": 93.33333333333333, "percent_statements_covered_display": "93"}, "missing_lines": [1896], "excluded_lines": [], "start_line": 1868}, "Signal.demap_symbols_hard": {"executed_lines": [1949, 1951, 1952, 1954, 1955, 1960, 1967, 1968], "summary": {"covered_lines": 8, "num_statements": 8, "percent_covered": 100.0, "percent_covered_display": "100", "missing_lines": 0, "excluded_lines": 0, "percent_statements_covered": 100.0, "percent_statements_covered_display": "100"}, "missing_lines": [], "excluded_lines": [], "start_line": 1924}, "Signal.evm": {"executed_lines": [2007, 2009, 2012, 2013, 2018, 2019, 2024, 2025, 2027, 2029, 2030, 2036], "summary": {"covered_lines": 12, "num_statements": 17, "percent_covered": 70.58823529411765, "percent_covered_display": "71", "missing_lines": 5, "excluded_lines": 0, "percent_statements_covered": 70.58823529411765, "percent_statements_covered_display": "71"}, "missing_lines": [2028, 2031, 2032, 2033, 2034], "excluded_lines": [], "start_line": 1974}, "Signal.snr": {"executed_lines": [2070, 2072, 2075, 2076, 2081, 2082, 2086, 2087, 2089, 2091, 2092, 2098], "summary": {"covered_lines": 12, "num_statements": 17, "percent_covered": 70.58823529411765, "percent_covered_display": "71", "missing_lines": 5, "excluded_lines": 0, "percent_statements_covered": 70.58823529411765, "percent_statements_covered_display": "71"}, "missing_lines": [2090, 2093, 2094, 2095, 2096], "excluded_lines": [], "start_line": 2038}, "Signal.ber": {"executed_lines": [2134, 2136, 2137, 2138, 2143, 2144, 2148, 2149, 2152, 2156, 2157, 2165], "summary": {"covered_lines": 12, "num_statements": 20, "percent_covered": 60.0, "percent_covered_display": "60", "missing_lines": 8, "excluded_lines": 0, "percent_statements_covered": 60.0, "percent_statements_covered_display": "60"}, "missing_lines": [2153, 2154, 2155, 2158, 2160, 2161, 2162, 2163], "excluded_lines": [], "start_line": 2100}, "Preamble.model_post_init": {"executed_lines": [2208, 2210, 2212, 2214, 2216, 2218, 2219, 2222, 2223, 2224, 2227], "summary": {"covered_lines": 11, "num_statements": 11, "percent_covered": 100.0, "percent_covered_display": "100", "missing_lines": 0, "excluded_lines": 0, "percent_statements_covered": 100.0, "percent_statements_covered_display": "100"}, "missing_lines": [], "excluded_lines": [], "start_line": 2201}, "Preamble.symbols": {"executed_lines": [2236], "summary": {"covered_lines": 1, "num_statements": 1, "percent_covered": 100.0, "percent_covered_display": "100", "missing_lines": 0, "excluded_lines": 0, "percent_statements_covered": 100.0, "percent_statements_covered_display": "100"}, "missing_lines": [], "excluded_lines": [], "start_line": 2234}, "Preamble.num_symbols": {"executed_lines": [2241], "summary": {"covered_lines": 1, "num_statements": 1, "percent_covered": 100.0, "percent_covered_display": "100", "missing_lines": 0, "excluded_lines": 0, "percent_statements_covered": 100.0, "percent_statements_covered_display": "100"}, "missing_lines": [], "excluded_lines": [], "start_line": 2239}, "Preamble.to_signal": {"executed_lines": [2293, 2295, 2308, 2315], "summary": {"covered_lines": 4, "num_statements": 4, "percent_covered": 100.0, "percent_covered_display": "100", "missing_lines": 0, "excluded_lines": 0, "percent_statements_covered": 100.0, "percent_statements_covered_display": "100"}, "missing_lines": [], "excluded_lines": [], "start_line": 2247}, "SingleCarrierFrame.model_post_init": {"executed_lines": [2413], "summary": {"covered_lines": 1, "num_statements": 1, "percent_covered": 100.0, "percent_covered_display": "100", "missing_lines": 0, "excluded_lines": 0, "percent_statements_covered": 100.0, "percent_statements_covered_display": "100"}, "missing_lines": [], "excluded_lines": [], "start_line": 2409}, "SingleCarrierFrame._generate_pilot_mask": {"executed_lines": [2430, 2433, 2434, 2435, 2436, 2439, 2440, 2442, 2443, 2444, 2446, 2448, 2449, 2451, 2452, 2453, 2456, 2457, 2461, 2462, 2465, 2466, 2469, 2472, 2473, 2474, 2475], "summary": {"covered_lines": 27, "num_statements": 30, "percent_covered": 90.0, "percent_covered_display": "90", "missing_lines": 3, "excluded_lines": 0, "percent_statements_covered": 90.0, "percent_statements_covered_display": "90"}, "missing_lines": [2441, 2458, 2477], "excluded_lines": [], "start_line": 2419}, "SingleCarrierFrame._ensure_payload_generated": {"executed_lines": [2486, 2487, 2489, 2491, 2492, 2493, 2494, 2501, 2502, 2503, 2505, 2506], "summary": {"covered_lines": 12, "num_statements": 12, "percent_covered": 100.0, "percent_covered_display": "100", "missing_lines": 0, "excluded_lines": 0, "percent_statements_covered": 100.0, "percent_statements_covered_display": "100"}, "missing_lines": [], "excluded_lines": [], "start_line": 2479}, "SingleCarrierFrame._ensure_pilot_generated": {"executed_lines": [2515, 2518, 2520, 2521, 2522, 2523, 2526, 2527, 2528, 2529, 2536, 2537, 2538, 2540, 2541], "summary": {"covered_lines": 15, "num_statements": 17, "percent_covered": 88.23529411764706, "percent_covered_display": "88", "missing_lines": 2, "excluded_lines": 0, "percent_statements_covered": 88.23529411764706, "percent_statements_covered_display": "88"}, "missing_lines": [2516, 2524], "excluded_lines": [], "start_line": 2508}, "SingleCarrierFrame.payload_bits": {"executed_lines": [2557, 2558], "summary": {"covered_lines": 2, "num_statements": 2, "percent_covered": 100.0, "percent_covered_display": "100", "missing_lines": 0, "excluded_lines": 0, "percent_statements_covered": 100.0, "percent_statements_covered_display": "100"}, "missing_lines": [], "excluded_lines": [], "start_line": 2548}, "SingleCarrierFrame.payload_symbols": {"executed_lines": [2570, 2571], "summary": {"covered_lines": 2, "num_statements": 2, "percent_covered": 100.0, "percent_covered_display": "100", "missing_lines": 0, "excluded_lines": 0, "percent_statements_covered": 100.0, "percent_statements_covered_display": "100"}, "missing_lines": [], "excluded_lines": [], "start_line": 2561}, "SingleCarrierFrame.pilot_bits": {"executed_lines": [], "summary": {"covered_lines": 0, "num_statements": 4, "percent_covered": 0.0, "percent_covered_display": "0", "missing_lines": 4, "excluded_lines": 0, "percent_statements_covered": 0.0, "percent_statements_covered_display": "0"}, "missing_lines": [2583, 2584, 2585, 2586], "excluded_lines": [], "start_line": 2574}, "SingleCarrierFrame.pilot_symbols": {"executed_lines": [2598, 2600, 2601], "summary": {"covered_lines": 3, "num_statements": 4, "percent_covered": 75.0, "percent_covered_display": "75", "missing_lines": 1, "excluded_lines": 0, "percent_statements_covered": 75.0, "percent_statements_covered_display": "75"}, "missing_lines": [2599], "excluded_lines": [], "start_line": 2589}, "SingleCarrierFrame.body_symbols": {"executed_lines": [2616, 2617, 2619, 2621, 2623, 2624, 2626, 2629, 2631, 2633, 2634, 2635, 2637, 2640, 2641, 2643], "summary": {"covered_lines": 16, "num_statements": 18, "percent_covered": 88.88888888888889, "percent_covered_display": "89", "missing_lines": 2, "excluded_lines": 0, "percent_statements_covered": 88.88888888888889, "percent_statements_covered_display": "89"}, "missing_lines": [2627, 2638], "excluded_lines": [], "start_line": 2604}, "SingleCarrierFrame.get_structure_map": {"executed_lines": [2678, 2679, 2681, 2682, 2683, 2684, 2687, 2688, 2690, 2691, 2692, 2693, 2695, 2696, 2697, 2698, 2700, 2701, 2702, 2704, 2705, 2707, 2708, 2710, 2711, 2713, 2723, 2724, 2725, 2726, 2727, 2732, 2733, 2734, 2735, 2737, 2738, 2740, 2741, 2742, 2744, 2750, 2751, 2752, 2754], "summary": {"covered_lines": 45, "num_statements": 46, "percent_covered": 97.82608695652173, "percent_covered_display": "98", "missing_lines": 1, "excluded_lines": 0, "percent_statements_covered": 97.82608695652173, "percent_statements_covered_display": "98"}, "missing_lines": [2685], "excluded_lines": [], "start_line": 2649}, "SingleCarrierFrame.to_signal": {"executed_lines": [2807, 2808, 2811, 2812, 2825, 2828, 2832, 2843, 2846, 2849, 2854, 2856, 2859, 2860, 2861, 2862, 2863, 2867, 2868, 2869, 2870, 2871, 2874, 2875, 2877, 2878, 2880, 2882, 2905], "summary": {"covered_lines": 29, "num_statements": 29, "percent_covered": 100.0, "percent_covered_display": "100", "missing_lines": 0, "excluded_lines": 0, "percent_statements_covered": 100.0, "percent_statements_covered_display": "100"}, "missing_lines": [], "excluded_lines": [], "start_line": 2760}, "": {"executed_lines": [25, 26, 28, 29, 31, 32, 34, 40, 41, 50, 53, 113, 117, 118, 119, 120, 122, 123, 124, 125, 127, 128, 129, 130, 131, 132, 133, 134, 136, 137, 139, 142, 197, 201, 202, 203, 205, 206, 207, 208, 210, 211, 213, 214, 215, 216, 217, 218, 220, 221, 223, 224, 227, 230, 231, 234, 235, 239, 245, 246, 247, 306, 343, 397, 408, 430, 453, 481, 494, 535, 536, 550, 551, 562, 563, 574, 575, 588, 589, 602, 603, 614, 615, 632, 687, 735, 788, 899, 944, 967, 1001, 1038, 1092, 1117, 1136, 1193, 1232, 1538, 1539, 1644, 1645, 1728, 1729, 1796, 1797, 1868, 1924, 1974, 2038, 2100, 2168, 2188, 2190, 2191, 2192, 2195, 2201, 2233, 2234, 2238, 2239, 2247, 2328, 2375, 2377, 2378, 2379, 2380, 2381, 2382, 2383, 2385, 2386, 2387, 2388, 2389, 2390, 2391, 2392, 2394, 2395, 2397, 2400, 2401, 2402, 2403, 2409, 2419, 2479, 2508, 2547, 2548, 2560, 2561, 2573, 2574, 2588, 2589, 2603, 2604, 2649, 2760], "summary": {"covered_lines": 162, "num_statements": 165, "percent_covered": 98.18181818181819, "percent_covered_display": "98", "missing_lines": 3, "excluded_lines": 0, "percent_statements_covered": 98.18181818181819, "percent_statements_covered_display": "98"}, "missing_lines": [35, 36, 37], "excluded_lines": [], "start_line": 1}}, "classes": {"SignalInfo": {"executed_lines": [], "summary": {"covered_lines": 0, "num_statements": 0, "percent_covered": 100.0, "percent_covered_display": "100", "missing_lines": 0, "excluded_lines": 0, "percent_statements_covered": 100.0, "percent_statements_covered_display": "100"}, "missing_lines": [], "excluded_lines": [], "start_line": 53}, "Signal": {"executed_lines": [276, 283, 284, 289, 291, 294, 295, 299, 304, 315, 316, 317, 319, 330, 331, 336, 337, 350, 351, 352, 354, 390, 392, 395, 406, 427, 428, 450, 451, 470, 473, 477, 479, 491, 492, 520, 522, 548, 560, 572, 584, 585, 586, 598, 599, 600, 612, 624, 625, 626, 670, 672, 721, 723, 774, 776, 841, 843, 850, 852, 868, 892, 897, 929, 930, 931, 933, 961, 963, 964, 965, 993, 995, 998, 999, 1026, 1028, 1029, 1030, 1031, 1032, 1035, 1036, 1075, 1078, 1080, 1085, 1086, 1087, 1088, 1090, 1109, 1111, 1114, 1115, 1131, 1133, 1134, 1151, 1152, 1153, 1154, 1157, 1160, 1161, 1162, 1163, 1169, 1175, 1176, 1181, 1188, 1191, 1216, 1218, 1219, 1223, 1230, 1429, 1431, 1433, 1434, 1440, 1444, 1445, 1460, 1478, 1492, 1493, 1506, 1507, 1511, 1516, 1523, 1524, 1525, 1530, 1531, 1532, 1600, 1603, 1604, 1605, 1608, 1611, 1613, 1615, 1616, 1618, 1620, 1621, 1622, 1626, 1630, 1703, 1704, 1705, 1707, 1708, 1709, 1714, 1782, 1850, 1894, 1895, 1898, 1899, 1901, 1902, 1904, 1905, 1906, 1908, 1910, 1913, 1921, 1922, 1949, 1951, 1952, 1954, 1955, 1960, 1967, 1968, 2007, 2009, 2012, 2013, 2018, 2019, 2024, 2025, 2027, 2029, 2030, 2036, 2070, 2072, 2075, 2076, 2081, 2082, 2086, 2087, 2089, 2091, 2092, 2098, 2134, 2136, 2137, 2138, 2143, 2144, 2148, 2149, 2152, 2156, 2157, 2165], "summary": {"covered_lines": 221, "num_statements": 266, "percent_covered": 83.0827067669173, "percent_covered_display": "83", "missing_lines": 45, "excluded_lines": 0, "percent_statements_covered": 83.0827067669173, "percent_statements_covered_display": "83"}, "missing_lines": [393, 844, 845, 848, 869, 870, 871, 873, 874, 884, 885, 886, 887, 890, 893, 895, 896, 1170, 1182, 1220, 1221, 1222, 1461, 1479, 1508, 1518, 1896, 2028, 2031, 2032, 2033, 2034, 2090, 2093, 2094, 2095, 2096, 2153, 2154, 2155, 2158, 2160, 2161, 2162, 2163], "excluded_lines": [], "start_line": 142}, "Preamble": {"executed_lines": [2208, 2210, 2212, 2214, 2216, 2218, 2219, 2222, 2223, 2224, 2227, 2236, 2241, 2293, 2295, 2308, 2315], "summary": {"covered_lines": 17, "num_statements": 17, "percent_covered": 100.0, "percent_covered_display": "100", "missing_lines": 0, "excluded_lines": 0, "percent_statements_covered": 100.0, "percent_statements_covered_display": "100"}, "missing_lines": [], "excluded_lines": [], "start_line": 2168}, "SingleCarrierFrame": {"executed_lines": [2413, 2430, 2433, 2434, 2435, 2436, 2439, 2440, 2442, 2443, 2444, 2446, 2448, 2449, 2451, 2452, 2453, 2456, 2457, 2461, 2462, 2465, 2466, 2469, 2472, 2473, 2474, 2475, 2486, 2487, 2489, 2491, 2492, 2493, 2494, 2501, 2502, 2503, 2505, 2506, 2515, 2518, 2520, 2521, 2522, 2523, 2526, 2527, 2528, 2529, 2536, 2537, 2538, 2540, 2541, 2557, 2558, 2570, 2571, 2598, 2600, 2601, 2616, 2617, 2619, 2621, 2623, 2624, 2626, 2629, 2631, 2633, 2634, 2635, 2637, 2640, 2641, 2643, 2678, 2679, 2681, 2682, 2683, 2684, 2687, 2688, 2690, 2691, 2692, 2693, 2695, 2696, 2697, 2698, 2700, 2701, 2702, 2704, 2705, 2707, 2708, 2710, 2711, 2713, 2723, 2724, 2725, 2726, 2727, 2732, 2733, 2734, 2735, 2737, 2738, 2740, 2741, 2742, 2744, 2750, 2751, 2752, 2754, 2807, 2808, 2811, 2812, 2825, 2828, 2832, 2843, 2846, 2849, 2854, 2856, 2859, 2860, 2861, 2862, 2863, 2867, 2868, 2869, 2870, 2871, 2874, 2875, 2877, 2878, 2880, 2882, 2905], "summary": {"covered_lines": 152, "num_statements": 165, "percent_covered": 92.12121212121212, "percent_covered_display": "92", "missing_lines": 13, "excluded_lines": 0, "percent_statements_covered": 92.12121212121212, "percent_statements_covered_display": "92"}, "missing_lines": [2441, 2458, 2477, 2516, 2524, 2583, 2584, 2585, 2586, 2599, 2627, 2638, 2685], "excluded_lines": [], "start_line": 2328}, "": {"executed_lines": [25, 26, 28, 29, 31, 32, 34, 40, 41, 50, 53, 113, 117, 118, 119, 120, 122, 123, 124, 125, 127, 128, 129, 130, 131, 132, 133, 134, 136, 137, 139, 142, 197, 201, 202, 203, 205, 206, 207, 208, 210, 211, 213, 214, 215, 216, 217, 218, 220, 221, 223, 224, 227, 230, 231, 234, 235, 239, 245, 246, 247, 306, 343, 397, 408, 430, 453, 481, 494, 535, 536, 550, 551, 562, 563, 574, 575, 588, 589, 602, 603, 614, 615, 632, 687, 735, 788, 899, 944, 967, 1001, 1038, 1092, 1117, 1136, 1193, 1232, 1538, 1539, 1644, 1645, 1728, 1729, 1796, 1797, 1868, 1924, 1974, 2038, 2100, 2168, 2188, 2190, 2191, 2192, 2195, 2201, 2233, 2234, 2238, 2239, 2247, 2328, 2375, 2377, 2378, 2379, 2380, 2381, 2382, 2383, 2385, 2386, 2387, 2388, 2389, 2390, 2391, 2392, 2394, 2395, 2397, 2400, 2401, 2402, 2403, 2409, 2419, 2479, 2508, 2547, 2548, 2560, 2561, 2573, 2574, 2588, 2589, 2603, 2604, 2649, 2760], "summary": {"covered_lines": 162, "num_statements": 165, "percent_covered": 98.18181818181819, "percent_covered_display": "98", "missing_lines": 3, "excluded_lines": 0, "percent_statements_covered": 98.18181818181819, "percent_statements_covered_display": "98"}, "missing_lines": [35, 36, 37], "excluded_lines": [], "start_line": 1}}}, "commstools/equalizers.py": {"executed_lines": [46, 47, 48, 50, 52, 53, 61, 62, 84, 85, 86, 87, 88, 95, 98, 103, 104, 105, 107, 110, 139, 142, 150, 151, 152, 155, 156, 244, 245, 248, 256, 257, 258, 261, 262, 393, 394, 397, 405, 406, 407, 410, 411, 477, 478, 481, 494, 495, 496, 499, 500, 577, 578, 620, 623, 640, 641, 642, 644, 645, 665, 666, 668, 673, 676, 677, 679, 680, 682, 687, 688, 690, 691, 693, 694, 697, 699, 700, 703, 714, 715, 716, 718, 719, 765, 766, 767, 769, 773, 775, 776, 778, 779, 780, 782, 784, 785, 786, 788, 789, 793, 794, 796, 800, 803, 808, 809, 810, 812, 814, 815, 818, 820, 821, 824, 835, 836, 837, 842, 843, 864, 865, 867, 870, 876, 878, 879, 881, 884, 886, 887, 890, 911, 912, 913, 915, 916, 937, 938, 940, 943, 945, 946, 949, 950, 952, 954, 955, 957, 960, 962, 963, 971, 995, 998, 999, 1002, 1003, 1005, 1006, 1008, 1011, 1031, 1032, 1033, 1034, 1036, 1037, 1038, 1039, 1041, 1044, 1067, 1068, 1069, 1070, 1073, 1090, 1091, 1092, 1093, 1094, 1097, 1130, 1132, 1133, 1134, 1135, 1140, 1141, 1142, 1143, 1145, 1146, 1147, 1152, 1155, 1182, 1183, 1184, 1185, 1190, 1191, 1192, 1193, 1195, 1196, 1197, 1199, 1200, 1202, 1205, 1240, 1241, 1242, 1244, 1245, 1246, 1248, 1249, 1250, 1251, 1253, 1254, 1255, 1256, 1257, 1259, 1268, 1301, 1302, 1303, 1305, 1306, 1307, 1309, 1310, 1311, 1312, 1314, 1315, 1316, 1317, 1318, 1320, 1329, 1331, 1332, 1336, 1337, 1348, 1447, 1452, 1453, 1454, 1457, 1458, 1459, 1460, 1463, 1464, 1465, 1466, 1468, 1469, 1470, 1472, 1474, 1478, 1488, 1490, 1491, 1493, 1495, 1496, 1498, 1501, 1504, 1505, 1506, 1508, 1509, 1515, 1516, 1517, 1518, 1523, 1536, 1549, 1550, 1553, 1557, 1563, 1564, 1566, 1569, 1570, 1571, 1572, 1574, 1575, 1580, 1586, 1587, 1588, 1590, 1591, 1603, 1604, 1605, 1608, 1609, 1610, 1612, 1613, 1616, 1629, 1762, 1763, 1769, 1775, 1776, 1778, 1779, 1780, 1783, 1784, 1785, 1786, 1790, 1793, 1795, 1796, 1797, 1799, 1800, 1801, 1804, 1808, 1818, 1820, 1825, 1826, 1827, 1829, 1830, 1832, 1835, 1846, 1852, 1853, 1854, 1855, 1856, 1857, 1862, 1881, 1894, 1895, 1898, 1902, 1908, 1909, 1911, 1921, 1927, 1932, 1938, 1939, 1940, 1942, 1943, 1955, 1956, 1957, 1960, 1962, 1963, 1964, 1965, 1966, 1967, 1968, 1970, 1971, 1983, 1996, 2068, 2073, 2074, 2075, 2077, 2078, 2079, 2080, 2082, 2085, 2086, 2088, 2089, 2090, 2092, 2094, 2096, 2097, 2098, 2100, 2101, 2102, 2105, 2110, 2112, 2117, 2118, 2119, 2121, 2122, 2123, 2124, 2129, 2140, 2152, 2153, 2157, 2159, 2165, 2166, 2167, 2169, 2170, 2182, 2185, 2186, 2187, 2189, 2190, 2191, 2203, 2294, 2299, 2300, 2301, 2303, 2304, 2305, 2306, 2308, 2313, 2314, 2316, 2318, 2319, 2320, 2325, 2326, 2328, 2329, 2331, 2332, 2333, 2335, 2336, 2337, 2340, 2344, 2346, 2351, 2352, 2353, 2357, 2359, 2360, 2361, 2362, 2367, 2378, 2390, 2391, 2394, 2396, 2402, 2403, 2404, 2406, 2407, 2419, 2422, 2423, 2424, 2428, 2429, 2430, 2447, 2479, 2480, 2481, 2483, 2487, 2489, 2490, 2491, 2492, 2493, 2495, 2496, 2497, 2501, 2502, 2504, 2505, 2506, 2508, 2515, 2516, 2517, 2520, 2521, 2527, 2529, 2532, 2533, 2534, 2536, 2537, 2538, 2539, 2541, 2542, 2545, 2546, 2547, 2548, 2549, 2550, 2552, 2553, 2554, 2555, 2556, 2558, 2560, 2565, 2566, 2569, 2572, 2577, 2578, 2579], "summary": {"covered_lines": 548, "num_statements": 773, "percent_covered": 70.89262613195343, "percent_covered_display": "71", "missing_lines": 225, "excluded_lines": 0, "percent_statements_covered": 70.89262613195343, "percent_statements_covered_display": "71"}, "missing_lines": [108, 109, 153, 180, 181, 182, 183, 185, 186, 187, 189, 190, 193, 194, 195, 198, 199, 200, 201, 202, 203, 204, 207, 208, 209, 211, 212, 213, 214, 215, 216, 217, 218, 219, 220, 221, 224, 225, 226, 227, 228, 229, 232, 233, 234, 235, 236, 238, 239, 240, 241, 242, 259, 292, 293, 294, 295, 296, 298, 299, 300, 301, 302, 303, 305, 306, 308, 309, 312, 313, 314, 317, 318, 319, 320, 321, 322, 323, 326, 327, 328, 330, 331, 332, 333, 334, 335, 336, 337, 338, 339, 340, 343, 346, 347, 348, 351, 352, 353, 355, 357, 358, 359, 360, 361, 368, 369, 372, 373, 374, 380, 381, 382, 383, 384, 385, 387, 388, 389, 390, 391, 408, 431, 432, 433, 435, 436, 437, 439, 440, 443, 444, 445, 448, 449, 450, 451, 452, 453, 454, 459, 460, 461, 462, 465, 466, 467, 468, 469, 471, 472, 473, 474, 475, 497, 520, 521, 522, 523, 525, 526, 527, 529, 530, 533, 534, 535, 538, 539, 540, 541, 542, 543, 544, 549, 550, 551, 553, 554, 555, 556, 557, 558, 559, 561, 562, 565, 566, 567, 568, 569, 571, 572, 573, 574, 575, 1149, 1150, 1551, 1600, 1601, 1781, 1788, 1802, 1838, 1839, 1840, 1844, 1896, 1914, 1915, 1916, 1917, 1919, 1952, 1953, 2103, 2154, 2179, 2180, 2338, 2392, 2416, 2417, 2503], "excluded_lines": [], "functions": {"_get_numba": {"executed_lines": [103, 104, 105, 107, 110], "summary": {"covered_lines": 5, "num_statements": 7, "percent_covered": 71.42857142857143, "percent_covered_display": "71", "missing_lines": 2, "excluded_lines": 0, "percent_statements_covered": 71.42857142857143, "percent_statements_covered_display": "71"}, "missing_lines": [108, 109], "excluded_lines": [], "start_line": 98}, "_get_numba_lms": {"executed_lines": [150, 151, 152, 155, 156, 244, 245], "summary": {"covered_lines": 7, "num_statements": 8, "percent_covered": 87.5, "percent_covered_display": "88", "missing_lines": 1, "excluded_lines": 0, "percent_statements_covered": 87.5, "percent_statements_covered_display": "88"}, "missing_lines": [153], "excluded_lines": [], "start_line": 142}, "_get_numba_lms.lms_loop": {"executed_lines": [], "summary": {"covered_lines": 0, "num_statements": 49, "percent_covered": 0.0, "percent_covered_display": "0", "missing_lines": 49, "excluded_lines": 0, "percent_statements_covered": 0.0, "percent_statements_covered_display": "0"}, "missing_lines": [180, 181, 182, 183, 185, 186, 187, 189, 190, 193, 194, 195, 198, 199, 200, 201, 202, 203, 204, 207, 208, 209, 211, 212, 213, 214, 215, 216, 217, 218, 219, 220, 221, 224, 225, 226, 227, 228, 229, 232, 233, 234, 235, 236, 238, 239, 240, 241, 242], "excluded_lines": [], "start_line": 156}, "_get_numba_rls": {"executed_lines": [256, 257, 258, 261, 262, 393, 394], "summary": {"covered_lines": 7, "num_statements": 8, "percent_covered": 87.5, "percent_covered_display": "88", "missing_lines": 1, "excluded_lines": 0, "percent_statements_covered": 87.5, "percent_statements_covered_display": "88"}, "missing_lines": [259], "excluded_lines": [], "start_line": 248}, "_get_numba_rls.rls_loop": {"executed_lines": [], "summary": {"covered_lines": 0, "num_statements": 68, "percent_covered": 0.0, "percent_covered_display": "0", "missing_lines": 68, "excluded_lines": 0, "percent_statements_covered": 0.0, "percent_statements_covered_display": "0"}, "missing_lines": [292, 293, 294, 295, 296, 298, 299, 300, 301, 302, 303, 305, 306, 308, 309, 312, 313, 314, 317, 318, 319, 320, 321, 322, 323, 326, 327, 328, 330, 331, 332, 333, 334, 335, 336, 337, 338, 339, 340, 343, 346, 347, 348, 351, 352, 353, 355, 357, 358, 359, 360, 361, 368, 369, 372, 373, 374, 380, 381, 382, 383, 384, 385, 387, 388, 389, 390, 391], "excluded_lines": [], "start_line": 262}, "_get_numba_cma": {"executed_lines": [405, 406, 407, 410, 411, 477, 478], "summary": {"covered_lines": 7, "num_statements": 8, "percent_covered": 87.5, "percent_covered_display": "88", "missing_lines": 1, "excluded_lines": 0, "percent_statements_covered": 87.5, "percent_statements_covered_display": "88"}, "missing_lines": [408], "excluded_lines": [], "start_line": 397}, "_get_numba_cma.cma_loop": {"executed_lines": [], "summary": {"covered_lines": 0, "num_statements": 32, "percent_covered": 0.0, "percent_covered_display": "0", "missing_lines": 32, "excluded_lines": 0, "percent_statements_covered": 0.0, "percent_statements_covered_display": "0"}, "missing_lines": [431, 432, 433, 435, 436, 437, 439, 440, 443, 444, 445, 448, 449, 450, 451, 452, 453, 454, 459, 460, 461, 462, 465, 466, 467, 468, 469, 471, 472, 473, 474, 475], "excluded_lines": [], "start_line": 411}, "_get_numba_rde": {"executed_lines": [494, 495, 496, 499, 500, 577, 578], "summary": {"covered_lines": 7, "num_statements": 8, "percent_covered": 87.5, "percent_covered_display": "88", "missing_lines": 1, "excluded_lines": 0, "percent_statements_covered": 87.5, "percent_statements_covered_display": "88"}, "missing_lines": [497], "excluded_lines": [], "start_line": 481}, "_get_numba_rde.rde_loop": {"executed_lines": [], "summary": {"covered_lines": 0, "num_statements": 41, "percent_covered": 0.0, "percent_covered_display": "0", "missing_lines": 41, "excluded_lines": 0, "percent_statements_covered": 0.0, "percent_statements_covered_display": "0"}, "missing_lines": [520, 521, 522, 523, 525, 526, 527, 529, 530, 533, 534, 535, 538, 539, 540, 541, 542, 543, 544, 549, 550, 551, 553, 554, 555, 556, 557, 558, 559, 561, 562, 565, 566, 567, 568, 569, 571, 572, 573, 574, 575], "excluded_lines": [], "start_line": 500}, "_get_jax_lms": {"executed_lines": [640, 641, 642, 644, 645, 699, 700], "summary": {"covered_lines": 7, "num_statements": 7, "percent_covered": 100.0, "percent_covered_display": "100", "missing_lines": 0, "excluded_lines": 0, "percent_statements_covered": 100.0, "percent_statements_covered_display": "100"}, "missing_lines": [], "excluded_lines": [], "start_line": 623}, "_get_jax_lms.lms_scan": {"executed_lines": [665, 693, 694, 697], "summary": {"covered_lines": 4, "num_statements": 4, "percent_covered": 100.0, "percent_covered_display": "100", "missing_lines": 0, "excluded_lines": 0, "percent_statements_covered": 100.0, "percent_statements_covered_display": "100"}, "missing_lines": [], "excluded_lines": [], "start_line": 645}, "_get_jax_lms.lms_scan.step": {"executed_lines": [666, 668, 673, 676, 679, 680, 682, 687, 688, 690, 691], "summary": {"covered_lines": 11, "num_statements": 11, "percent_covered": 100.0, "percent_covered_display": "100", "missing_lines": 0, "excluded_lines": 0, "percent_statements_covered": 100.0, "percent_statements_covered_display": "100"}, "missing_lines": [], "excluded_lines": [], "start_line": 665}, "_get_jax_lms.lms_scan.step.slicer": {"executed_lines": [677], "summary": {"covered_lines": 1, "num_statements": 1, "percent_covered": 100.0, "percent_covered_display": "100", "missing_lines": 0, "excluded_lines": 0, "percent_statements_covered": 100.0, "percent_statements_covered_display": "100"}, "missing_lines": [], "excluded_lines": [], "start_line": 676}, "_get_jax_rls": {"executed_lines": [714, 715, 716, 718, 719, 820, 821], "summary": {"covered_lines": 7, "num_statements": 7, "percent_covered": 100.0, "percent_covered_display": "100", "missing_lines": 0, "excluded_lines": 0, "percent_statements_covered": 100.0, "percent_statements_covered_display": "100"}, "missing_lines": [], "excluded_lines": [], "start_line": 703}, "_get_jax_rls.rls_scan": {"executed_lines": [765, 814, 815, 818], "summary": {"covered_lines": 4, "num_statements": 4, "percent_covered": 100.0, "percent_covered_display": "100", "missing_lines": 0, "excluded_lines": 0, "percent_statements_covered": 100.0, "percent_statements_covered_display": "100"}, "missing_lines": [], "excluded_lines": [], "start_line": 719}, "_get_jax_rls.rls_scan.step": {"executed_lines": [766, 767, 769, 773, 775, 778, 779, 780, 782, 784, 785, 786, 788, 796, 800, 803, 808, 809, 810, 812], "summary": {"covered_lines": 20, "num_statements": 20, "percent_covered": 100.0, "percent_covered_display": "100", "missing_lines": 0, "excluded_lines": 0, "percent_statements_covered": 100.0, "percent_statements_covered_display": "100"}, "missing_lines": [], "excluded_lines": [], "start_line": 765}, "_get_jax_rls.rls_scan.step.slicer": {"executed_lines": [776], "summary": {"covered_lines": 1, "num_statements": 1, "percent_covered": 100.0, "percent_covered_display": "100", "missing_lines": 0, "excluded_lines": 0, "percent_statements_covered": 100.0, "percent_statements_covered_display": "100"}, "missing_lines": [], "excluded_lines": [], "start_line": 775}, "_get_jax_rls.rls_scan.step.w_update": {"executed_lines": [789, 793, 794], "summary": {"covered_lines": 3, "num_statements": 3, "percent_covered": 100.0, "percent_covered_display": "100", "missing_lines": 0, "excluded_lines": 0, "percent_statements_covered": 100.0, "percent_statements_covered_display": "100"}, "missing_lines": [], "excluded_lines": [], "start_line": 788}, "_get_jax_cma": {"executed_lines": [835, 836, 837, 842, 843, 886, 887], "summary": {"covered_lines": 7, "num_statements": 7, "percent_covered": 100.0, "percent_covered_display": "100", "missing_lines": 0, "excluded_lines": 0, "percent_statements_covered": 100.0, "percent_statements_covered_display": "100"}, "missing_lines": [], "excluded_lines": [], "start_line": 824}, "_get_jax_cma.cma_scan": {"executed_lines": [864, 881, 884], "summary": {"covered_lines": 3, "num_statements": 3, "percent_covered": 100.0, "percent_covered_display": "100", "missing_lines": 0, "excluded_lines": 0, "percent_statements_covered": 100.0, "percent_statements_covered_display": "100"}, "missing_lines": [], "excluded_lines": [], "start_line": 843}, "_get_jax_cma.cma_scan.step": {"executed_lines": [865, 867, 870, 876, 878, 879], "summary": {"covered_lines": 6, "num_statements": 6, "percent_covered": 100.0, "percent_covered_display": "100", "missing_lines": 0, "excluded_lines": 0, "percent_statements_covered": 100.0, "percent_statements_covered_display": "100"}, "missing_lines": [], "excluded_lines": [], "start_line": 864}, "_get_jax_rde": {"executed_lines": [911, 912, 913, 915, 916, 962, 963], "summary": {"covered_lines": 7, "num_statements": 7, "percent_covered": 100.0, "percent_covered_display": "100", "missing_lines": 0, "excluded_lines": 0, "percent_statements_covered": 100.0, "percent_statements_covered_display": "100"}, "missing_lines": [], "excluded_lines": [], "start_line": 890}, "_get_jax_rde.rde_scan": {"executed_lines": [937, 957, 960], "summary": {"covered_lines": 3, "num_statements": 3, "percent_covered": 100.0, "percent_covered_display": "100", "missing_lines": 0, "excluded_lines": 0, "percent_statements_covered": 100.0, "percent_statements_covered_display": "100"}, "missing_lines": [], "excluded_lines": [], "start_line": 916}, "_get_jax_rde.rde_scan.step": {"executed_lines": [938, 940, 943, 945, 946, 949, 950, 952, 954, 955], "summary": {"covered_lines": 10, "num_statements": 10, "percent_covered": 100.0, "percent_covered_display": "100", "missing_lines": 0, "excluded_lines": 0, "percent_statements_covered": 100.0, "percent_statements_covered_display": "100"}, "missing_lines": [], "excluded_lines": [], "start_line": 937}, "_normalize_inputs_jax": {"executed_lines": [995, 998, 999, 1002, 1003, 1005, 1006, 1008], "summary": {"covered_lines": 8, "num_statements": 8, "percent_covered": 100.0, "percent_covered_display": "100", "missing_lines": 0, "excluded_lines": 0, "percent_statements_covered": 100.0, "percent_statements_covered_display": "100"}, "missing_lines": [], "excluded_lines": [], "start_line": 971}, "_normalize_inputs_numpy": {"executed_lines": [1031, 1032, 1033, 1034, 1036, 1037, 1038, 1039, 1041], "summary": {"covered_lines": 9, "num_statements": 9, "percent_covered": 100.0, "percent_covered_display": "100", "missing_lines": 0, "excluded_lines": 0, "percent_statements_covered": 100.0, "percent_statements_covered_display": "100"}, "missing_lines": [], "excluded_lines": [], "start_line": 1011}, "_init_butterfly_weights_jax": {"executed_lines": [1067, 1068, 1069, 1070], "summary": {"covered_lines": 4, "num_statements": 4, "percent_covered": 100.0, "percent_covered_display": "100", "missing_lines": 0, "excluded_lines": 0, "percent_statements_covered": 100.0, "percent_statements_covered_display": "100"}, "missing_lines": [], "excluded_lines": [], "start_line": 1044}, "_init_butterfly_weights_numpy": {"executed_lines": [1090, 1091, 1092, 1093, 1094], "summary": {"covered_lines": 5, "num_statements": 5, "percent_covered": 100.0, "percent_covered_display": "100", "missing_lines": 0, "excluded_lines": 0, "percent_statements_covered": 100.0, "percent_statements_covered_display": "100"}, "missing_lines": [], "excluded_lines": [], "start_line": 1073}, "_prepare_training_jax": {"executed_lines": [1130, 1132, 1133, 1134, 1135, 1140, 1141, 1142, 1143, 1145, 1146, 1147, 1152], "summary": {"covered_lines": 13, "num_statements": 15, "percent_covered": 86.66666666666667, "percent_covered_display": "87", "missing_lines": 2, "excluded_lines": 0, "percent_statements_covered": 86.66666666666667, "percent_statements_covered_display": "87"}, "missing_lines": [1149, 1150], "excluded_lines": [], "start_line": 1097}, "_prepare_training_numpy": {"executed_lines": [1182, 1183, 1184, 1185, 1190, 1191, 1192, 1193, 1195, 1196, 1197, 1199, 1200, 1202], "summary": {"covered_lines": 14, "num_statements": 14, "percent_covered": 100.0, "percent_covered_display": "100", "missing_lines": 0, "excluded_lines": 0, "percent_statements_covered": 100.0, "percent_statements_covered_display": "100"}, "missing_lines": [], "excluded_lines": [], "start_line": 1155}, "_unpack_result_jax": {"executed_lines": [1240, 1241, 1242, 1244, 1245, 1246, 1248, 1249, 1250, 1251, 1253, 1254, 1255, 1256, 1257, 1259], "summary": {"covered_lines": 16, "num_statements": 16, "percent_covered": 100.0, "percent_covered_display": "100", "missing_lines": 0, "excluded_lines": 0, "percent_statements_covered": 100.0, "percent_statements_covered_display": "100"}, "missing_lines": [], "excluded_lines": [], "start_line": 1205}, "_unpack_result_numpy": {"executed_lines": [1301, 1302, 1303, 1305, 1306, 1307, 1309, 1310, 1311, 1312, 1314, 1315, 1316, 1317, 1318, 1320], "summary": {"covered_lines": 16, "num_statements": 16, "percent_covered": 100.0, "percent_covered_display": "100", "missing_lines": 0, "excluded_lines": 0, "percent_statements_covered": 100.0, "percent_statements_covered_display": "100"}, "missing_lines": [], "excluded_lines": [], "start_line": 1268}, "_validate_sps": {"executed_lines": [1331, 1332, 1336, 1337], "summary": {"covered_lines": 4, "num_statements": 4, "percent_covered": 100.0, "percent_covered_display": "100", "missing_lines": 0, "excluded_lines": 0, "percent_statements_covered": 100.0, "percent_statements_covered_display": "100"}, "missing_lines": [], "excluded_lines": [], "start_line": 1329}, "lms": {"executed_lines": [1447, 1452, 1453, 1454, 1457, 1458, 1459, 1460, 1463, 1464, 1465, 1466, 1468, 1469, 1470, 1472, 1474, 1478, 1488, 1490, 1491, 1493, 1495, 1496, 1498, 1501, 1504, 1505, 1506, 1508, 1509, 1515, 1516, 1517, 1518, 1523, 1536, 1549, 1550, 1553, 1557, 1563, 1564, 1566, 1569, 1570, 1571, 1572, 1574, 1575, 1580, 1586, 1587, 1588, 1590, 1591, 1603, 1604, 1605, 1608, 1609, 1610, 1612, 1613, 1616], "summary": {"covered_lines": 65, "num_statements": 68, "percent_covered": 95.58823529411765, "percent_covered_display": "96", "missing_lines": 3, "excluded_lines": 0, "percent_statements_covered": 95.58823529411765, "percent_statements_covered_display": "96"}, "missing_lines": [1551, 1600, 1601], "excluded_lines": [], "start_line": 1348}, "rls": {"executed_lines": [1762, 1763, 1769, 1775, 1776, 1778, 1779, 1780, 1783, 1784, 1785, 1786, 1790, 1793, 1795, 1796, 1797, 1799, 1800, 1801, 1804, 1808, 1818, 1820, 1825, 1826, 1827, 1829, 1830, 1832, 1835, 1846, 1852, 1853, 1854, 1855, 1856, 1857, 1862, 1881, 1894, 1895, 1898, 1902, 1908, 1909, 1911, 1921, 1927, 1932, 1938, 1939, 1940, 1942, 1943, 1955, 1956, 1957, 1960, 1962, 1963, 1964, 1965, 1966, 1967, 1968, 1970, 1971, 1983], "summary": {"covered_lines": 69, "num_statements": 84, "percent_covered": 82.14285714285714, "percent_covered_display": "82", "missing_lines": 15, "excluded_lines": 0, "percent_statements_covered": 82.14285714285714, "percent_statements_covered_display": "82"}, "missing_lines": [1781, 1788, 1802, 1838, 1839, 1840, 1844, 1896, 1914, 1915, 1916, 1917, 1919, 1952, 1953], "excluded_lines": [], "start_line": 1629}, "cma": {"executed_lines": [2068, 2073, 2074, 2075, 2077, 2078, 2079, 2080, 2082, 2085, 2086, 2088, 2089, 2090, 2092, 2094, 2096, 2097, 2098, 2100, 2101, 2102, 2105, 2110, 2112, 2117, 2118, 2119, 2121, 2122, 2123, 2124, 2129, 2140, 2152, 2153, 2157, 2159, 2165, 2166, 2167, 2169, 2170, 2182, 2185, 2186, 2187, 2189, 2190, 2191], "summary": {"covered_lines": 50, "num_statements": 54, "percent_covered": 92.5925925925926, "percent_covered_display": "93", "missing_lines": 4, "excluded_lines": 0, "percent_statements_covered": 92.5925925925926, "percent_statements_covered_display": "93"}, "missing_lines": [2103, 2154, 2179, 2180], "excluded_lines": [], "start_line": 1996}, "rde": {"executed_lines": [2294, 2299, 2300, 2301, 2303, 2304, 2305, 2306, 2308, 2313, 2314, 2316, 2318, 2319, 2320, 2325, 2326, 2328, 2329, 2331, 2332, 2333, 2335, 2336, 2337, 2340, 2344, 2346, 2351, 2352, 2353, 2357, 2359, 2360, 2361, 2362, 2367, 2378, 2390, 2391, 2394, 2396, 2402, 2403, 2404, 2406, 2407, 2419, 2422, 2423, 2424, 2428, 2429, 2430], "summary": {"covered_lines": 54, "num_statements": 58, "percent_covered": 93.10344827586206, "percent_covered_display": "93", "missing_lines": 4, "excluded_lines": 0, "percent_statements_covered": 93.10344827586206, "percent_statements_covered_display": "93"}, "missing_lines": [2338, 2392, 2416, 2417], "excluded_lines": [], "start_line": 2203}, "zf_equalizer": {"executed_lines": [2479, 2480, 2481, 2483, 2487, 2489, 2490, 2491, 2492, 2493, 2495, 2496, 2497, 2501, 2502, 2504, 2505, 2506, 2508, 2515, 2516, 2517, 2520, 2521, 2527, 2529, 2532, 2533, 2534, 2536, 2537, 2538, 2539, 2541, 2542, 2545, 2546, 2547, 2548, 2549, 2550, 2552, 2553, 2554, 2555, 2556, 2558, 2560, 2565, 2566, 2569, 2572, 2577, 2578, 2579], "summary": {"covered_lines": 55, "num_statements": 56, "percent_covered": 98.21428571428571, "percent_covered_display": "98", "missing_lines": 1, "excluded_lines": 0, "percent_statements_covered": 98.21428571428571, "percent_statements_covered_display": "98"}, "missing_lines": [2503], "excluded_lines": [], "start_line": 2447}, "": {"executed_lines": [46, 47, 48, 50, 52, 53, 61, 62, 84, 85, 86, 87, 88, 95, 98, 139, 142, 248, 397, 481, 620, 623, 703, 824, 890, 971, 1011, 1044, 1073, 1097, 1155, 1205, 1268, 1329, 1348, 1629, 1996, 2203, 2447], "summary": {"covered_lines": 39, "num_statements": 39, "percent_covered": 100.0, "percent_covered_display": "100", "missing_lines": 0, "excluded_lines": 0, "percent_statements_covered": 100.0, "percent_statements_covered_display": "100"}, "missing_lines": [], "excluded_lines": [], "start_line": 1}}, "classes": {"EqualizerResult": {"executed_lines": [], "summary": {"covered_lines": 0, "num_statements": 0, "percent_covered": 100.0, "percent_covered_display": "100", "missing_lines": 0, "excluded_lines": 0, "percent_statements_covered": 100.0, "percent_statements_covered_display": "100"}, "missing_lines": [], "excluded_lines": [], "start_line": 62}, "": {"executed_lines": [46, 47, 48, 50, 52, 53, 61, 62, 84, 85, 86, 87, 88, 95, 98, 103, 104, 105, 107, 110, 139, 142, 150, 151, 152, 155, 156, 244, 245, 248, 256, 257, 258, 261, 262, 393, 394, 397, 405, 406, 407, 410, 411, 477, 478, 481, 494, 495, 496, 499, 500, 577, 578, 620, 623, 640, 641, 642, 644, 645, 665, 666, 668, 673, 676, 677, 679, 680, 682, 687, 688, 690, 691, 693, 694, 697, 699, 700, 703, 714, 715, 716, 718, 719, 765, 766, 767, 769, 773, 775, 776, 778, 779, 780, 782, 784, 785, 786, 788, 789, 793, 794, 796, 800, 803, 808, 809, 810, 812, 814, 815, 818, 820, 821, 824, 835, 836, 837, 842, 843, 864, 865, 867, 870, 876, 878, 879, 881, 884, 886, 887, 890, 911, 912, 913, 915, 916, 937, 938, 940, 943, 945, 946, 949, 950, 952, 954, 955, 957, 960, 962, 963, 971, 995, 998, 999, 1002, 1003, 1005, 1006, 1008, 1011, 1031, 1032, 1033, 1034, 1036, 1037, 1038, 1039, 1041, 1044, 1067, 1068, 1069, 1070, 1073, 1090, 1091, 1092, 1093, 1094, 1097, 1130, 1132, 1133, 1134, 1135, 1140, 1141, 1142, 1143, 1145, 1146, 1147, 1152, 1155, 1182, 1183, 1184, 1185, 1190, 1191, 1192, 1193, 1195, 1196, 1197, 1199, 1200, 1202, 1205, 1240, 1241, 1242, 1244, 1245, 1246, 1248, 1249, 1250, 1251, 1253, 1254, 1255, 1256, 1257, 1259, 1268, 1301, 1302, 1303, 1305, 1306, 1307, 1309, 1310, 1311, 1312, 1314, 1315, 1316, 1317, 1318, 1320, 1329, 1331, 1332, 1336, 1337, 1348, 1447, 1452, 1453, 1454, 1457, 1458, 1459, 1460, 1463, 1464, 1465, 1466, 1468, 1469, 1470, 1472, 1474, 1478, 1488, 1490, 1491, 1493, 1495, 1496, 1498, 1501, 1504, 1505, 1506, 1508, 1509, 1515, 1516, 1517, 1518, 1523, 1536, 1549, 1550, 1553, 1557, 1563, 1564, 1566, 1569, 1570, 1571, 1572, 1574, 1575, 1580, 1586, 1587, 1588, 1590, 1591, 1603, 1604, 1605, 1608, 1609, 1610, 1612, 1613, 1616, 1629, 1762, 1763, 1769, 1775, 1776, 1778, 1779, 1780, 1783, 1784, 1785, 1786, 1790, 1793, 1795, 1796, 1797, 1799, 1800, 1801, 1804, 1808, 1818, 1820, 1825, 1826, 1827, 1829, 1830, 1832, 1835, 1846, 1852, 1853, 1854, 1855, 1856, 1857, 1862, 1881, 1894, 1895, 1898, 1902, 1908, 1909, 1911, 1921, 1927, 1932, 1938, 1939, 1940, 1942, 1943, 1955, 1956, 1957, 1960, 1962, 1963, 1964, 1965, 1966, 1967, 1968, 1970, 1971, 1983, 1996, 2068, 2073, 2074, 2075, 2077, 2078, 2079, 2080, 2082, 2085, 2086, 2088, 2089, 2090, 2092, 2094, 2096, 2097, 2098, 2100, 2101, 2102, 2105, 2110, 2112, 2117, 2118, 2119, 2121, 2122, 2123, 2124, 2129, 2140, 2152, 2153, 2157, 2159, 2165, 2166, 2167, 2169, 2170, 2182, 2185, 2186, 2187, 2189, 2190, 2191, 2203, 2294, 2299, 2300, 2301, 2303, 2304, 2305, 2306, 2308, 2313, 2314, 2316, 2318, 2319, 2320, 2325, 2326, 2328, 2329, 2331, 2332, 2333, 2335, 2336, 2337, 2340, 2344, 2346, 2351, 2352, 2353, 2357, 2359, 2360, 2361, 2362, 2367, 2378, 2390, 2391, 2394, 2396, 2402, 2403, 2404, 2406, 2407, 2419, 2422, 2423, 2424, 2428, 2429, 2430, 2447, 2479, 2480, 2481, 2483, 2487, 2489, 2490, 2491, 2492, 2493, 2495, 2496, 2497, 2501, 2502, 2504, 2505, 2506, 2508, 2515, 2516, 2517, 2520, 2521, 2527, 2529, 2532, 2533, 2534, 2536, 2537, 2538, 2539, 2541, 2542, 2545, 2546, 2547, 2548, 2549, 2550, 2552, 2553, 2554, 2555, 2556, 2558, 2560, 2565, 2566, 2569, 2572, 2577, 2578, 2579], "summary": {"covered_lines": 548, "num_statements": 773, "percent_covered": 70.89262613195343, "percent_covered_display": "71", "missing_lines": 225, "excluded_lines": 0, "percent_statements_covered": 70.89262613195343, "percent_statements_covered_display": "71"}, "missing_lines": [108, 109, 153, 180, 181, 182, 183, 185, 186, 187, 189, 190, 193, 194, 195, 198, 199, 200, 201, 202, 203, 204, 207, 208, 209, 211, 212, 213, 214, 215, 216, 217, 218, 219, 220, 221, 224, 225, 226, 227, 228, 229, 232, 233, 234, 235, 236, 238, 239, 240, 241, 242, 259, 292, 293, 294, 295, 296, 298, 299, 300, 301, 302, 303, 305, 306, 308, 309, 312, 313, 314, 317, 318, 319, 320, 321, 322, 323, 326, 327, 328, 330, 331, 332, 333, 334, 335, 336, 337, 338, 339, 340, 343, 346, 347, 348, 351, 352, 353, 355, 357, 358, 359, 360, 361, 368, 369, 372, 373, 374, 380, 381, 382, 383, 384, 385, 387, 388, 389, 390, 391, 408, 431, 432, 433, 435, 436, 437, 439, 440, 443, 444, 445, 448, 449, 450, 451, 452, 453, 454, 459, 460, 461, 462, 465, 466, 467, 468, 469, 471, 472, 473, 474, 475, 497, 520, 521, 522, 523, 525, 526, 527, 529, 530, 533, 534, 535, 538, 539, 540, 541, 542, 543, 544, 549, 550, 551, 553, 554, 555, 556, 557, 558, 559, 561, 562, 565, 566, 567, 568, 569, 571, 572, 573, 574, 575, 1149, 1150, 1551, 1600, 1601, 1781, 1788, 1802, 1838, 1839, 1840, 1844, 1896, 1914, 1915, 1916, 1917, 1919, 1952, 1953, 2103, 2154, 2179, 2180, 2338, 2392, 2416, 2417, 2503], "excluded_lines": [], "start_line": 1}}}, "commstools/filtering.py": {"executed_lines": [29, 31, 32, 34, 35, 36, 37, 51, 75, 77, 78, 79, 81, 86, 87, 89, 92, 120, 124, 125, 126, 128, 135, 141, 142, 147, 150, 172, 174, 175, 176, 178, 185, 188, 189, 192, 193, 194, 204, 207, 209, 212, 215, 216, 218, 221, 240, 242, 243, 244, 246, 252, 258, 259, 266, 267, 269, 271, 277, 278, 279, 285, 287, 288, 290, 293, 319, 320, 323, 326, 353, 355, 358, 361, 390, 394, 401, 404, 433, 437, 444, 455, 476, 479, 482, 484, 486, 488, 489, 490, 492, 495, 498, 532, 535, 536, 537, 538, 539, 540, 543, 544, 546, 548, 549, 553, 554, 556, 557, 558, 560, 563, 564, 565, 566, 567, 568, 569, 571, 573, 576, 579, 581, 584, 617, 618, 622, 623, 625, 626, 627, 628, 630, 633, 635, 636, 638], "summary": {"covered_lines": 137, "num_statements": 139, "percent_covered": 98.56115107913669, "percent_covered_display": "99", "missing_lines": 2, "excluded_lines": 0, "percent_statements_covered": 98.56115107913669, "percent_statements_covered_display": "99"}, "missing_lines": [550, 551], "excluded_lines": [], "functions": {"gaussian_taps": {"executed_lines": [75, 77, 78, 79, 81, 86, 87, 89], "summary": {"covered_lines": 8, "num_statements": 8, "percent_covered": 100.0, "percent_covered_display": "100", "missing_lines": 0, "excluded_lines": 0, "percent_statements_covered": 100.0, "percent_statements_covered_display": "100"}, "missing_lines": [], "excluded_lines": [], "start_line": 51}, "smoothrect_taps": {"executed_lines": [120, 124, 125, 126, 128, 135, 141, 142, 147], "summary": {"covered_lines": 9, "num_statements": 9, "percent_covered": 100.0, "percent_covered_display": "100", "missing_lines": 0, "excluded_lines": 0, "percent_statements_covered": 100.0, "percent_statements_covered_display": "100"}, "missing_lines": [], "excluded_lines": [], "start_line": 92}, "rrc_taps": {"executed_lines": [172, 174, 175, 176, 178, 185, 188, 189, 192, 193, 194, 204, 207, 209, 212, 215, 216, 218], "summary": {"covered_lines": 18, "num_statements": 18, "percent_covered": 100.0, "percent_covered_display": "100", "missing_lines": 0, "excluded_lines": 0, "percent_statements_covered": 100.0, "percent_statements_covered_display": "100"}, "missing_lines": [], "excluded_lines": [], "start_line": 150}, "rc_taps": {"executed_lines": [240, 242, 243, 244, 246, 252, 258, 259, 266, 267, 269, 271, 277, 278, 279, 285, 287, 288, 290], "summary": {"covered_lines": 19, "num_statements": 19, "percent_covered": 100.0, "percent_covered_display": "100", "missing_lines": 0, "excluded_lines": 0, "percent_statements_covered": 100.0, "percent_statements_covered_display": "100"}, "missing_lines": [], "excluded_lines": [], "start_line": 221}, "lowpass_taps": {"executed_lines": [319, 320, 323], "summary": {"covered_lines": 3, "num_statements": 3, "percent_covered": 100.0, "percent_covered_display": "100", "missing_lines": 0, "excluded_lines": 0, "percent_statements_covered": 100.0, "percent_statements_covered_display": "100"}, "missing_lines": [], "excluded_lines": [], "start_line": 293}, "highpass_taps": {"executed_lines": [353, 355, 358], "summary": {"covered_lines": 3, "num_statements": 3, "percent_covered": 100.0, "percent_covered_display": "100", "missing_lines": 0, "excluded_lines": 0, "percent_statements_covered": 100.0, "percent_statements_covered_display": "100"}, "missing_lines": [], "excluded_lines": [], "start_line": 326}, "bandpass_taps": {"executed_lines": [390, 394, 401], "summary": {"covered_lines": 3, "num_statements": 3, "percent_covered": 100.0, "percent_covered_display": "100", "missing_lines": 0, "excluded_lines": 0, "percent_statements_covered": 100.0, "percent_statements_covered_display": "100"}, "missing_lines": [], "excluded_lines": [], "start_line": 361}, "bandstop_taps": {"executed_lines": [433, 437, 444], "summary": {"covered_lines": 3, "num_statements": 3, "percent_covered": 100.0, "percent_covered_display": "100", "missing_lines": 0, "excluded_lines": 0, "percent_statements_covered": 100.0, "percent_statements_covered_display": "100"}, "missing_lines": [], "excluded_lines": [], "start_line": 404}, "fir_filter": {"executed_lines": [476, 479, 482, 484, 486, 488, 489, 490, 492, 495], "summary": {"covered_lines": 10, "num_statements": 10, "percent_covered": 100.0, "percent_covered_display": "100", "missing_lines": 0, "excluded_lines": 0, "percent_statements_covered": 100.0, "percent_statements_covered_display": "100"}, "missing_lines": [], "excluded_lines": [], "start_line": 455}, "shape_pulse": {"executed_lines": [532, 535, 536, 537, 538, 539, 540, 543, 544, 546, 548, 549, 553, 554, 556, 557, 558, 560, 563, 564, 565, 566, 567, 568, 569, 571, 573, 576, 579, 581], "summary": {"covered_lines": 30, "num_statements": 32, "percent_covered": 93.75, "percent_covered_display": "94", "missing_lines": 2, "excluded_lines": 0, "percent_statements_covered": 93.75, "percent_statements_covered_display": "94"}, "missing_lines": [550, 551], "excluded_lines": [], "start_line": 498}, "matched_filter": {"executed_lines": [617, 618, 622, 623, 625, 626, 627, 628, 630, 633, 635, 636, 638], "summary": {"covered_lines": 13, "num_statements": 13, "percent_covered": 100.0, "percent_covered_display": "100", "missing_lines": 0, "excluded_lines": 0, "percent_statements_covered": 100.0, "percent_statements_covered_display": "100"}, "missing_lines": [], "excluded_lines": [], "start_line": 584}, "": {"executed_lines": [29, 31, 32, 34, 35, 36, 37, 51, 92, 150, 221, 293, 326, 361, 404, 455, 498, 584], "summary": {"covered_lines": 18, "num_statements": 18, "percent_covered": 100.0, "percent_covered_display": "100", "missing_lines": 0, "excluded_lines": 0, "percent_statements_covered": 100.0, "percent_statements_covered_display": "100"}, "missing_lines": [], "excluded_lines": [], "start_line": 1}}, "classes": {"": {"executed_lines": [29, 31, 32, 34, 35, 36, 37, 51, 75, 77, 78, 79, 81, 86, 87, 89, 92, 120, 124, 125, 126, 128, 135, 141, 142, 147, 150, 172, 174, 175, 176, 178, 185, 188, 189, 192, 193, 194, 204, 207, 209, 212, 215, 216, 218, 221, 240, 242, 243, 244, 246, 252, 258, 259, 266, 267, 269, 271, 277, 278, 279, 285, 287, 288, 290, 293, 319, 320, 323, 326, 353, 355, 358, 361, 390, 394, 401, 404, 433, 437, 444, 455, 476, 479, 482, 484, 486, 488, 489, 490, 492, 495, 498, 532, 535, 536, 537, 538, 539, 540, 543, 544, 546, 548, 549, 553, 554, 556, 557, 558, 560, 563, 564, 565, 566, 567, 568, 569, 571, 573, 576, 579, 581, 584, 617, 618, 622, 623, 625, 626, 627, 628, 630, 633, 635, 636, 638], "summary": {"covered_lines": 137, "num_statements": 139, "percent_covered": 98.56115107913669, "percent_covered_display": "99", "missing_lines": 2, "excluded_lines": 0, "percent_statements_covered": 98.56115107913669, "percent_statements_covered_display": "99"}, "missing_lines": [550, 551], "excluded_lines": [], "start_line": 1}}}, "commstools/helpers.py": {"executed_lines": [30, 32, 34, 35, 37, 38, 43, 63, 64, 65, 67, 68, 70, 73, 105, 107, 108, 109, 112, 132, 133, 136, 167, 168, 171, 173, 176, 178, 181, 183, 187, 188, 189, 190, 192, 194, 197, 200, 204, 205, 208, 211, 231, 232, 234, 235, 238, 252, 254, 256, 257, 260, 288, 289, 292, 293, 294, 295, 296, 299, 300, 304, 305, 306, 308, 311, 335, 336, 339, 340, 343, 346, 347, 350, 351, 354, 356, 357, 364, 365, 367, 370, 372, 375, 408, 409, 411, 412, 413, 414, 415, 417, 418, 419, 422, 432, 433, 434, 437, 438, 439, 442, 443, 444, 445, 446, 447, 448, 451, 452, 453, 456, 476, 477, 479, 482, 483, 485, 487, 489, 494, 495, 505, 506, 511, 516, 517, 519, 523], "summary": {"covered_lines": 129, "num_statements": 131, "percent_covered": 98.47328244274809, "percent_covered_display": "98", "missing_lines": 2, "excluded_lines": 0, "percent_statements_covered": 98.47328244274809, "percent_statements_covered_display": "98"}, "missing_lines": [39, 40], "excluded_lines": [], "functions": {"random_bits": {"executed_lines": [63, 64, 65, 67, 68, 70], "summary": {"covered_lines": 6, "num_statements": 6, "percent_covered": 100.0, "percent_covered_display": "100", "missing_lines": 0, "excluded_lines": 0, "percent_statements_covered": 100.0, "percent_statements_covered_display": "100"}, "missing_lines": [], "excluded_lines": [], "start_line": 43}, "random_symbols": {"executed_lines": [105, 107, 108, 109], "summary": {"covered_lines": 4, "num_statements": 4, "percent_covered": 100.0, "percent_covered_display": "100", "missing_lines": 0, "excluded_lines": 0, "percent_statements_covered": 100.0, "percent_statements_covered_display": "100"}, "missing_lines": [], "excluded_lines": [], "start_line": 73}, "rms": {"executed_lines": [132, 133], "summary": {"covered_lines": 2, "num_statements": 2, "percent_covered": 100.0, "percent_covered_display": "100", "missing_lines": 0, "excluded_lines": 0, "percent_statements_covered": 100.0, "percent_statements_covered_display": "100"}, "missing_lines": [], "excluded_lines": [], "start_line": 112}, "normalize": {"executed_lines": [167, 168, 171, 173, 176, 178, 181, 183, 187, 188, 189, 190, 192, 194, 197, 200, 204, 205, 208], "summary": {"covered_lines": 19, "num_statements": 19, "percent_covered": 100.0, "percent_covered_display": "100", "missing_lines": 0, "excluded_lines": 0, "percent_statements_covered": 100.0, "percent_statements_covered_display": "100"}, "missing_lines": [], "excluded_lines": [], "start_line": 136}, "format_si": {"executed_lines": [231, 232, 234, 235, 238, 252, 254, 256, 257], "summary": {"covered_lines": 9, "num_statements": 9, "percent_covered": 100.0, "percent_covered_display": "100", "missing_lines": 0, "excluded_lines": 0, "percent_statements_covered": 100.0, "percent_statements_covered_display": "100"}, "missing_lines": [], "excluded_lines": [], "start_line": 211}, "validate_array": {"executed_lines": [288, 289, 292, 293, 294, 295, 296, 299, 300, 304, 305, 306, 308], "summary": {"covered_lines": 13, "num_statements": 13, "percent_covered": 100.0, "percent_covered_display": "100", "missing_lines": 0, "excluded_lines": 0, "percent_statements_covered": 100.0, "percent_statements_covered_display": "100"}, "missing_lines": [], "excluded_lines": [], "start_line": 260}, "interp1d": {"executed_lines": [335, 336, 339, 340, 343, 346, 347, 350, 351, 354, 356, 357, 364, 365, 367, 370, 372], "summary": {"covered_lines": 17, "num_statements": 17, "percent_covered": 100.0, "percent_covered_display": "100", "missing_lines": 0, "excluded_lines": 0, "percent_statements_covered": 100.0, "percent_statements_covered_display": "100"}, "missing_lines": [], "excluded_lines": [], "start_line": 311}, "cross_correlate_fft": {"executed_lines": [408, 409, 411, 412, 413, 414, 415, 417, 418, 419, 422, 432, 433, 434, 437, 438, 439, 442, 443, 444, 445, 446, 447, 448, 451, 452, 453], "summary": {"covered_lines": 27, "num_statements": 27, "percent_covered": 100.0, "percent_covered_display": "100", "missing_lines": 0, "excluded_lines": 0, "percent_statements_covered": 100.0, "percent_statements_covered_display": "100"}, "missing_lines": [], "excluded_lines": [], "start_line": 375}, "expand_preamble_mimo": {"executed_lines": [476, 477, 479, 482, 483, 485, 487, 489, 494, 495, 505, 506, 511, 516, 517, 519, 523], "summary": {"covered_lines": 17, "num_statements": 17, "percent_covered": 100.0, "percent_covered_display": "100", "missing_lines": 0, "excluded_lines": 0, "percent_statements_covered": 100.0, "percent_statements_covered_display": "100"}, "missing_lines": [], "excluded_lines": [], "start_line": 456}, "": {"executed_lines": [30, 32, 34, 35, 37, 38, 43, 73, 112, 136, 211, 260, 311, 375, 456], "summary": {"covered_lines": 15, "num_statements": 17, "percent_covered": 88.23529411764706, "percent_covered_display": "88", "missing_lines": 2, "excluded_lines": 0, "percent_statements_covered": 88.23529411764706, "percent_statements_covered_display": "88"}, "missing_lines": [39, 40], "excluded_lines": [], "start_line": 1}}, "classes": {"": {"executed_lines": [30, 32, 34, 35, 37, 38, 43, 63, 64, 65, 67, 68, 70, 73, 105, 107, 10
[...]
96, 1097, 1172, 1173, 1176, 1177, 1179, 1180, 1207, 1208, 1220, 1221, 1266, 1268, 1319, 1320, 1363, 1364, 1370, 1371, 1372, 1373, 1374, 1375, 1377, 1378, 1379, 1380, 1387, 1400, 1401, 1402, 1403, 1404, 1405, 1406, 1413, 1427, 1428], "excluded_lines": [], "functions": {"apply_default_theme": {"executed_lines": [56, 57, 58, 59, 60, 61, 62, 63, 65, 93, 94, 95, 96], "summary": {"covered_lines": 13, "num_statements": 13, "percent_covered": 100.0, "percent_covered_display": "100", "missing_lines": 0, "excluded_lines": 0, "percent_statements_covered": 100.0, "percent_statements_covered_display": "100"}, "missing_lines": [], "excluded_lines": [], "start_line": 41}, "_create_subplot_grid": {"executed_lines": [119, 120, 121, 122, 123], "summary": {"covered_lines": 5, "num_statements": 5, "percent_covered": 100.0, "percent_covered_display": "100", "missing_lines": 0, "excluded_lines": 0, "percent_statements_covered": 100.0, "percent_statements_covered_display": "100"}, "missing_lines": [], "excluded_lines": [], "start_line": 99}, "psd": {"executed_lines": [186, 188, 192, 193, 195, 196, 197, 201, 207, 210, 211, 216, 218, 221, 222, 224, 226, 243, 246, 250, 251, 253, 255, 258, 267, 268, 271, 273, 274, 276, 277, 278, 281, 285, 286, 287, 288, 290, 293, 294, 295, 296, 297, 300, 301, 302, 303, 307, 308, 310, 311, 313, 315, 319, 320, 321, 322, 323, 325, 328], "summary": {"covered_lines": 60, "num_statements": 72, "percent_covered": 83.33333333333333, "percent_covered_display": "83", "missing_lines": 12, "excluded_lines": 0, "percent_statements_covered": 83.33333333333333, "percent_statements_covered_display": "83"}, "missing_lines": [213, 214, 244, 245, 298, 299, 304, 305, 314, 316, 326, 327], "excluded_lines": [], "start_line": 126}, "time_domain": {"executed_lines": [376, 378, 382, 383, 385, 386, 387, 391, 392, 395, 396, 401, 402, 405, 406, 408, 410, 422, 425, 429, 430, 432, 434, 436, 438, 439, 440, 441, 442, 445, 447, 449, 452, 453, 454, 455, 456, 457, 458, 459, 460, 461, 462, 463, 464, 466, 467, 469, 470, 472, 473, 479, 485, 487, 492, 493, 494, 495, 497, 500], "summary": {"covered_lines": 60, "num_statements": 66, "percent_covered": 90.9090909090909, "percent_covered_display": "91", "missing_lines": 6, "excluded_lines": 0, "percent_statements_covered": 90.9090909090909, "percent_statements_covered_display": "91"}, "missing_lines": [398, 399, 423, 424, 498, 499], "excluded_lines": [], "start_line": 331}, "_plot_eye_traces": {"executed_lines": [532, 535, 537, 541, 542, 543, 547, 549, 551, 552, 556, 562, 563, 566, 569, 572, 575, 578, 580, 581, 583, 585, 586, 587, 591, 593, 594, 595, 596, 599, 600, 601, 602, 607, 609, 610, 614, 616, 619, 620, 624, 625, 628, 629, 630, 631, 632, 633, 636, 638, 645, 646, 649, 650, 651, 654, 655, 656, 659, 665, 667, 670, 672, 673, 674, 675, 676], "summary": {"covered_lines": 67, "num_statements": 71, "percent_covered": 94.36619718309859, "percent_covered_display": "94", "missing_lines": 4, "excluded_lines": 0, "percent_statements_covered": 94.36619718309859, "percent_statements_covered_display": "94"}, "missing_lines": [553, 554, 588, 589], "excluded_lines": [], "start_line": 503}, "eye_diagram": {"executed_lines": [734, 736, 737, 740, 743, 744, 747, 748, 750, 752, 761, 763, 764, 765, 774, 778, 779, 780, 782, 785, 798, 801, 805, 807, 808, 809, 811, 814, 815, 819, 820, 826, 837, 848, 849, 852, 862, 865], "summary": {"covered_lines": 38, "num_statements": 47, "percent_covered": 80.85106382978724, "percent_covered_display": "81", "missing_lines": 9, "excluded_lines": 0, "percent_statements_covered": 80.85106382978724, "percent_statements_covered_display": "81"}, "missing_lines": [769, 772, 799, 800, 817, 821, 850, 863, 864], "excluded_lines": [], "start_line": 679}, "filter_response": {"executed_lines": [896, 899, 901, 902, 903, 904, 905, 906, 907, 909, 910, 913, 915, 918, 919, 921, 926, 928, 929, 930, 933, 935, 940, 944, 948, 951, 952, 955, 956, 957, 960, 961, 962, 963, 964, 967, 968, 969, 970, 971, 973, 976], "summary": {"covered_lines": 42, "num_statements": 47, "percent_covered": 89.36170212765957, "percent_covered_display": "89", "missing_lines": 5, "excluded_lines": 0, "percent_statements_covered": 89.36170212765957, "percent_statements_covered_display": "89"}, "missing_lines": [922, 923, 924, 974, 975], "excluded_lines": [], "start_line": 868}, "filter_response.t_formatter": {"executed_lines": [], "summary": {"covered_lines": 0, "num_statements": 3, "percent_covered": 0.0, "percent_covered_display": "0", "missing_lines": 3, "excluded_lines": 0, "percent_statements_covered": 0.0, "percent_statements_covered_display": "0"}, "missing_lines": [936, 937, 938], "excluded_lines": [], "start_line": 935}, "ideal_constellation": {"executed_lines": [1018, 1019, 1021, 1022, 1026, 1028, 1029, 1030, 1031, 1034, 1036, 1037, 1040, 1043, 1044, 1045, 1047, 1048, 1057, 1058, 1059, 1060, 1061, 1064, 1065, 1068, 1069, 1070, 1071, 1072, 1074, 1078, 1081, 1083, 1084, 1093, 1095, 1098], "summary": {"covered_lines": 38, "num_statements": 41, "percent_covered": 92.6829268292683, "percent_covered_display": "93", "missing_lines": 3, "excluded_lines": 0, "percent_statements_covered": 92.6829268292683, "percent_statements_covered_display": "93"}, "missing_lines": [1024, 1096, 1097], "excluded_lines": [], "start_line": 979}, "constellation": {"executed_lines": [1157, 1159, 1163, 1164, 1166, 1167, 1168, 1182, 1183, 1186, 1187, 1189, 1191, 1206, 1209, 1213, 1214, 1216, 1219, 1224, 1225, 1228, 1229, 1234, 1236, 1237, 1238, 1240, 1245, 1248, 1250, 1253, 1254, 1255, 1258, 1265, 1267, 1269, 1271, 1274, 1275, 1276, 1280, 1282, 1283, 1284, 1288, 1289, 1290, 1291, 1293, 1302, 1303, 1306, 1307, 1309, 1310, 1311, 1312, 1314, 1315, 1316, 1318, 1321], "summary": {"covered_lines": 64, "num_statements": 78, "percent_covered": 82.05128205128206, "percent_covered_display": "82", "missing_lines": 14, "excluded_lines": 0, "percent_statements_covered": 82.05128205128206, "percent_statements_covered_display": "82"}, "missing_lines": [1172, 1173, 1176, 1177, 1179, 1180, 1207, 1208, 1220, 1221, 1266, 1268, 1319, 1320], "excluded_lines": [], "start_line": 1101}, "equalizer_result": {"executed_lines": [1355, 1356, 1358, 1360, 1361, 1367, 1369, 1382, 1383, 1384, 1385, 1388, 1389, 1391, 1392, 1393, 1396, 1398, 1416, 1417, 1418, 1419, 1420, 1422, 1423, 1424, 1426, 1429], "summary": {"covered_lines": 28, "num_statements": 51, "percent_covered": 54.90196078431372, "percent_covered_display": "55", "missing_lines": 23, "excluded_lines": 0, "percent_statements_covered": 54.90196078431372, "percent_statements_covered_display": "55"}, "missing_lines": [1363, 1364, 1370, 1371, 1372, 1373, 1374, 1375, 1377, 1378, 1379, 1380, 1387, 1400, 1401, 1402, 1403, 1404, 1405, 1406, 1413, 1427, 1428], "excluded_lines": [], "start_line": 1329}, "": {"executed_lines": [29, 31, 32, 33, 34, 36, 37, 38, 41, 99, 126, 331, 503, 679, 868, 979, 1101, 1329], "summary": {"covered_lines": 18, "num_statements": 18, "percent_covered": 100.0, "percent_covered_display": "100", "missing_lines": 0, "excluded_lines": 0, "percent_statements_covered": 100.0, "percent_statements_covered_display": "100"}, "missing_lines": [], "excluded_lines": [], "start_line": 1}}, "classes": {"": {"executed_lines": [29, 31, 32, 33, 34, 36, 37, 38, 41, 56, 57, 58, 59, 60, 61, 62, 63, 65, 93, 94, 95, 96, 99, 119, 120, 121, 122, 123, 126, 186, 188, 192, 193, 195, 196, 197, 201, 207, 210, 211, 216, 218, 221, 222, 224, 226, 243, 246, 250, 251, 253, 255, 258, 267, 268, 271, 273, 274, 276, 277, 278, 281, 285, 286, 287, 288, 290, 293, 294, 295, 296, 297, 300, 301, 302, 303, 307, 308, 310, 311, 313, 315, 319, 320, 321, 322, 323, 325, 328, 331, 376, 378, 382, 383, 385, 386, 387, 391, 392, 395, 396, 401, 402, 405, 406, 408, 410, 422, 425, 429, 430, 432, 434, 436, 438, 439, 440, 441, 442, 445, 447, 449, 452, 453, 454, 455, 456, 457, 458, 459, 460, 461, 462, 463, 464, 466, 467, 469, 470, 472, 473, 479, 485, 487, 492, 493, 494, 495, 497, 500, 503, 532, 535, 537, 541, 542, 543, 547, 549, 551, 552, 556, 562, 563, 566, 569, 572, 575, 578, 580, 581, 583, 585, 586, 587, 591, 593, 594, 595, 596, 599, 600, 601, 602, 607, 609, 610, 614, 616, 619, 620, 624, 625, 628, 629, 630, 631, 632, 633, 636, 638, 645, 646, 649, 650, 651, 654, 655, 656, 659, 665, 667, 670, 672, 673, 674, 675, 676, 679, 734, 736, 737, 740, 743, 744, 747, 748, 750, 752, 761, 763, 764, 765, 774, 778, 779, 780, 782, 785, 798, 801, 805, 807, 808, 809, 811, 814, 815, 819, 820, 826, 837, 848, 849, 852, 862, 865, 868, 896, 899, 901, 902, 903, 904, 905, 906, 907, 909, 910, 913, 915, 918, 919, 921, 926, 928, 929, 930, 933, 935, 940, 944, 948, 951, 952, 955, 956, 957, 960, 961, 962, 963, 964, 967, 968, 969, 970, 971, 973, 976, 979, 1018, 1019, 1021, 1022, 1026, 1028, 1029, 1030, 1031, 1034, 1036, 1037, 1040, 1043, 1044, 1045, 1047, 1048, 1057, 1058, 1059, 1060, 1061, 1064, 1065, 1068, 1069, 1070, 1071, 1072, 1074, 1078, 1081, 1083, 1084, 1093, 1095, 1098, 1101, 1157, 1159, 1163, 1164, 1166, 1167, 1168, 1182, 1183, 1186, 1187, 1189, 1191, 1206, 1209, 1213, 1214, 1216, 1219, 1224, 1225, 1228, 1229, 1234, 1236, 1237, 1238, 1240, 1245, 1248, 1250, 1253, 1254, 1255, 1258, 1265, 1267, 1269, 1271, 1274, 1275, 1276, 1280, 1282, 1283, 1284, 1288, 1289, 1290, 1291, 1293, 1302, 1303, 1306, 1307, 1309, 1310, 1311, 1312, 1314, 1315, 1316, 1318, 1321, 1329, 1355, 1356, 1358, 1360, 1361, 1367, 1369, 1382, 1383, 1384, 1385, 1388, 1389, 1391, 1392, 1393, 1396, 1398, 1416, 1417, 1418, 1419, 1420, 1422, 1423, 1424, 1426, 1429], "summary": {"covered_lines": 433, "num_statements": 512, "percent_covered": 84.5703125, "percent_covered_display": "85", "missing_lines": 79, "excluded_lines": 0, "percent_statements_covered": 84.5703125, "percent_statements_covered_display": "85"}, "missing_lines": [213, 214, 244, 245, 298, 299, 304, 305, 314, 316, 326, 327, 398, 399, 423, 424, 498, 499, 553, 554, 588, 589, 769, 772, 799, 800, 817, 821, 850, 863, 864, 922, 923, 924, 936, 937, 938, 974, 975, 1024, 1096, 1097, 1172, 1173, 1176, 1177, 1179, 1180, 1207, 1208, 1220, 1221, 1266, 1268, 1319, 1320, 1363, 1364, 1370, 1371, 1372, 1373, 1374, 1375, 1377, 1378, 1379, 1380, 1387, 1400, 1401, 1402, 1403, 1404, 1405, 1406, 1413, 1427, 1428], "excluded_lines": [], "start_line": 1}}}, "commstools/spectral.py": {"executed_lines": [16, 18, 19, 22, 60, 63, 64, 67, 68, 70, 71, 76, 79, 83, 84, 87, 89, 91, 94, 143, 144, 146, 147, 155, 156, 158, 168, 171, 173, 175], "summary": {"covered_lines": 30, "num_statements": 30, "percent_covered": 100.0, "percent_covered_display": "100", "missing_lines": 0, "excluded_lines": 0, "percent_statements_covered": 100.0, "percent_statements_covered_display": "100"}, "missing_lines": [], "excluded_lines": [], "functions": {"shift_frequency": {"executed_lines": [60, 63, 64, 67, 68, 70, 71, 76, 79, 83, 84, 87, 89, 91], "summary": {"covered_lines": 14, "num_statements": 14, "percent_covered": 100.0, "percent_covered_display": "100", "missing_lines": 0, "excluded_lines": 0, "percent_statements_covered": 100.0, "percent_statements_covered_display": "100"}, "missing_lines": [], "excluded_lines": [], "start_line": 22}, "welch_psd": {"executed_lines": [143, 144, 146, 147, 155, 156, 158, 168, 171, 173, 175], "summary": {"covered_lines": 11, "num_statements": 11, "percent_covered": 100.0, "percent_covered_display": "100", "missing_lines": 0, "excluded_lines": 0, "percent_statements_covered": 100.0, "percent_statements_covered_display": "100"}, "missing_lines": [], "excluded_lines": [], "start_line": 94}, "": {"executed_lines": [16, 18, 19, 22, 94], "summary": {"covered_lines": 5, "num_statements": 5, "percent_covered": 100.0, "percent_covered_display": "100", "missing_lines": 0, "excluded_lines": 0, "percent_statements_covered": 100.0, "percent_statements_covered_display": "100"}, "missing_lines": [], "excluded_lines": [], "start_line": 1}}, "classes": {"": {"executed_lines": [16, 18, 19, 22, 60, 63, 64, 67, 68, 70, 71, 76, 79, 83, 84, 87, 89, 91, 94, 143, 144, 146, 147, 155, 156, 158, 168, 171, 173, 175], "summary": {"covered_lines": 30, "num_statements": 30, "percent_covered": 100.0, "percent_covered_display": "100", "missing_lines": 0, "excluded_lines": 0, "percent_statements_covered": 100.0, "percent_statements_covered_display": "100"}, "missing_lines": [], "excluded_lines": [], "start_line": 1}}}, "commstools/sync.py": {"executed_lines": [27, 29, 31, 32, 33, 36, 47, 76, 77, 78, 80, 82, 83, 85, 86, 89, 119, 120, 121, 122, 125, 126, 128, 130, 133, 134, 136, 139, 141, 143, 144, 147, 191, 192, 193, 195, 196, 197, 198, 200, 201, 202, 204, 205, 207, 208, 209, 210, 211, 212, 214, 215, 216, 218, 219, 220, 221, 222, 223, 225, 226, 227, 230, 231, 232, 237, 238, 239, 240, 242, 243, 244, 246, 247, 248, 250, 251, 252, 253, 254, 255, 256, 258, 259, 260, 261, 263, 264, 265, 266, 268, 278, 279, 284, 287, 289, 291, 293, 296, 297, 299, 300, 301, 303, 304, 306, 307, 311, 312, 313, 314, 316, 317, 318, 321, 369, 370, 371, 372, 374, 377, 378, 380, 381, 382, 385, 388, 392, 395, 398, 401, 402, 404, 405, 406, 409, 486, 489, 491, 492, 493, 494, 495, 496, 497, 498, 499, 500, 508, 510, 511, 513, 517, 520, 522, 530, 531, 533, 539, 543, 544, 546, 549, 550, 551, 552, 553, 556, 558, 560, 567, 568, 570, 571, 581, 584, 585, 586, 587, 588, 590, 593, 595, 599, 602, 606, 610, 611, 612, 614, 616, 617, 620, 621, 622, 625, 626, 627, 632, 634, 636, 637, 638, 640, 641, 646, 649, 650, 652, 653, 656, 657, 660, 661, 662, 664, 665, 666, 667, 669, 670, 673, 674, 675, 676, 682, 683, 684, 687, 688, 689, 691, 692, 693, 694, 695, 696, 697, 699, 700, 703, 707, 713, 716, 750, 751, 752, 753, 755, 756, 759, 760, 762, 765, 766, 767, 768, 772, 773, 775, 776, 778, 779, 781, 782, 783], "summary": {"covered_lines": 266, "num_statements": 266, "percent_covered": 100.0, "percent_covered_display": "100", "missing_lines": 0, "excluded_lines": 0, "percent_statements_covered": 100.0, "percent_statements_covered_display": "100"}, "missing_lines": [], "excluded_lines": [], "functions": {"barker_sequence": {"executed_lines": [76, 77, 78, 80, 82, 83, 85, 86], "summary": {"covered_lines": 8, "num_statements": 8, "percent_covered": 100.0, "percent_covered_display": "100", "missing_lines": 0, "excluded_lines": 0, "percent_statements_covered": 100.0, "percent_statements_covered_display": "100"}, "missing_lines": [], "excluded_lines": [], "start_line": 47}, "zadoff_chu_sequence": {"executed_lines": [119, 120, 121, 122, 125, 126, 128, 130, 133, 134, 136, 139, 141, 143, 144], "summary": {"covered_lines": 15, "num_statements": 15, "percent_covered": 100.0, "percent_covered_display": "100", "missing_lines": 0, "excluded_lines": 0, "percent_statements_covered": 100.0, "percent_statements_covered_display": "100"}, "missing_lines": [], "excluded_lines": [], "start_line": 89}, "estimate_fractional_delay": {"executed_lines": [191, 192, 193, 195, 196, 197, 198, 200, 201, 202, 204, 205, 207, 237, 238, 239, 240, 242, 243, 244, 246, 247, 248, 250, 251, 252, 253, 254, 255, 256, 258, 259, 260, 261, 263, 264, 265, 266, 268, 278, 279, 284, 287, 289, 291, 293, 296, 297, 299, 300, 301, 303, 304, 306, 307, 311, 312, 313, 314, 316, 317, 318], "summary": {"covered_lines": 62, "num_statements": 62, "percent_covered": 100.0, "percent_covered_display": "100", "missing_lines": 0, "excluded_lines": 0, "percent_statements_covered": 100.0, "percent_statements_covered_display": "100"}, "missing_lines": [], "excluded_lines": [], "start_line": 147}, "estimate_fractional_delay._calculate_mu": {"executed_lines": [208, 209, 210, 211, 212, 214, 215, 216, 218, 219, 220, 221, 222, 223, 225, 226, 227, 230, 231, 232], "summary": {"covered_lines": 20, "num_statements": 20, "percent_covered": 100.0, "percent_covered_display": "100", "missing_lines": 0, "excluded_lines": 0, "percent_statements_covered": 100.0, "percent_statements_covered_display": "100"}, "missing_lines": [], "excluded_lines": [], "start_line": 207}, "fft_fractional_delay": {"executed_lines": [369, 370, 371, 372, 374, 377, 378, 380, 381, 382, 385, 388, 392, 395, 398, 401, 402, 404, 405, 406], "summary": {"covered_lines": 20, "num_statements": 20, "percent_covered": 100.0, "percent_covered_display": "100", "missing_lines": 0, "excluded_lines": 0, "percent_statements_covered": 100.0, "percent_statements_covered_display": "100"}, "missing_lines": [], "excluded_lines": [], "start_line": 321}, "estimate_timing": {"executed_lines": [486, 489, 491, 492, 493, 494, 495, 496, 497, 498, 499, 500, 508, 510, 511, 513, 517, 520, 522, 530, 531, 533, 539, 543, 544, 546, 549, 550, 551, 552, 553, 556, 558, 560, 567, 568, 570, 571, 581, 584, 585, 586, 587, 588, 590, 593, 595, 599, 602, 606, 610, 611, 612, 614, 616, 617, 620, 621, 622, 625, 626, 627, 632, 634, 636, 637, 638, 640, 641, 646, 649, 650, 652, 653, 656, 657, 660, 661, 662, 664, 665, 666, 667, 669, 670, 673, 674, 675, 676, 682, 683, 684, 687, 688, 689, 691, 692, 693, 694, 695, 696, 697, 699, 700, 703, 707, 713], "summary": {"covered_lines": 107, "num_statements": 107, "percent_covered": 100.0, "percent_covered_display": "100", "missing_lines": 0, "excluded_lines": 0, "percent_statements_covered": 100.0, "percent_statements_covered_display": "100"}, "missing_lines": [], "excluded_lines": [], "start_line": 409}, "correct_timing": {"executed_lines": [750, 751, 752, 753, 755, 756, 759, 760, 762, 765, 766, 767, 768, 772, 773, 775, 776, 778, 779, 781, 782, 783], "summary": {"covered_lines": 22, "num_statements": 22, "percent_covered": 100.0, "percent_covered_display": "100", "missing_lines": 0, "excluded_lines": 0, "percent_statements_covered": 100.0, "percent_statements_covered_display": "100"}, "missing_lines": [], "excluded_lines": [], "start_line": 716}, "": {"executed_lines": [27, 29, 31, 32, 33, 36, 47, 89, 147, 321, 409, 716], "summary": {"covered_lines": 12, "num_statements": 12, "percent_covered": 100.0, "percent_covered_display": "100", "missing_lines": 0, "excluded_lines": 0, "percent_statements_covered": 100.0, "percent_statements_covered_display": "100"}, "missing_lines": [], "excluded_lines": [], "start_line": 1}}, "classes": {"": {"executed_lines": [27, 29, 31, 32, 33, 36, 47, 76, 77, 78, 80, 82, 83, 85, 86, 89, 119, 120, 121, 122, 125, 126, 128, 130, 133, 134, 136, 139, 141, 143, 144, 147, 191, 192, 193, 195, 196, 197, 198, 200, 201, 202, 204, 205, 207, 208, 209, 210, 211, 212, 214, 215, 216, 218, 219, 220, 221, 222, 223, 225, 226, 227, 230, 231, 232, 237, 238, 239, 240, 242, 243, 244, 246, 247, 248, 250, 251, 252, 253, 254, 255, 256, 258, 259, 260, 261, 263, 264, 265, 266, 268, 278, 279, 284, 287, 289, 291, 293, 296, 297, 299, 300, 301, 303, 304, 306, 307, 311, 312, 313, 314, 316, 317, 318, 321, 369, 370, 371, 372, 374, 377, 378, 380, 381, 382, 385, 388, 392, 395, 398, 401, 402, 404, 405, 406, 409, 486, 489, 491, 492, 493, 494, 495, 496, 497, 498, 499, 500, 508, 510, 511, 513, 517, 520, 522, 530, 531, 533, 539, 543, 544, 546, 549, 550, 551, 552, 553, 556, 558, 560, 567, 568, 570, 571, 581, 584, 585, 586, 587, 588, 590, 593, 595, 599, 602, 606, 610, 611, 612, 614, 616, 617, 620, 621, 622, 625, 626, 627, 632, 634, 636, 637, 638, 640, 641, 646, 649, 650, 652, 653, 656, 657, 660, 661, 662, 664, 665, 666, 667, 669, 670, 673, 674, 675, 676, 682, 683, 684, 687, 688, 689, 691, 692, 693, 694, 695, 696, 697, 699, 700, 703, 707, 713, 716, 750, 751, 752, 753, 755, 756, 759, 760, 762, 765, 766, 767, 768, 772, 773, 775, 776, 778, 779, 781, 782, 783], "summary": {"covered_lines": 266, "num_statements": 266, "percent_covered": 100.0, "percent_covered_display": "100", "missing_lines": 0, "excluded_lines": 0, "percent_statements_covered": 100.0, "percent_statements_covered_display": "100"}, "missing_lines": [], "excluded_lines": [], "start_line": 1}}}}, "totals": {"covered_lines": 2744, "num_statements": 3144, "percent_covered": 87.27735368956743, "percent_covered_display": "87", "missing_lines": 400, "excluded_lines": 4, "percent_statements_covered": 87.27735368956743, "percent_statements_covered_display": "87"}}